{"D:\\seletivo\\backend\\src\\app.module.ts": {"path":"D:\\seletivo\\backend\\src\\app.module.ts","statementMap":{"0":{"start":{"line":1,"column":0},"end":{"line":1,"column":40}},"1":{"start":{"line":2,"column":0},"end":{"line":2,"column":41}},"2":{"start":{"line":3,"column":0},"end":{"line":3,"column":46}},"3":{"start":{"line":4,"column":0},"end":{"line":4,"column":68}},"4":{"start":{"line":5,"column":0},"end":{"line":5,"column":51}},"5":{"start":{"line":6,"column":0},"end":{"line":6,"column":54}},"6":{"start":{"line":7,"column":0},"end":{"line":7,"column":48}},"7":{"start":{"line":8,"column":0},"end":{"line":8,"column":72}},"8":{"start":{"line":9,"column":0},"end":{"line":9,"column":54}},"9":{"start":{"line":10,"column":0},"end":{"line":10,"column":51}},"10":{"start":{"line":11,"column":0},"end":{"line":11,"column":62}},"11":{"start":{"line":12,"column":0},"end":{"line":12,"column":60}},"12":{"start":{"line":13,"column":0},"end":{"line":13,"column":54}},"13":{"start":{"line":14,"column":0},"end":{"line":14,"column":74}},"14":{"start":{"line":15,"column":0},"end":{"line":15,"column":54}},"15":{"start":{"line":16,"column":0},"end":{"line":16,"column":58}},"16":{"start":{"line":17,"column":0},"end":{"line":17,"column":57}},"17":{"start":{"line":44,"column":7},"end":{"line":44,"column":null}},"18":{"start":{"line":44,"column":13},"end":{"line":44,"column":22}},"19":{"start":{"line":44,"column":13},"end":{"line":44,"column":null}}},"fnMap":{},"branchMap":{},"s":{"0":0,"1":0,"2":0,"3":0,"4":0,"5":0,"6":0,"7":0,"8":0,"9":0,"10":0,"11":0,"12":0,"13":0,"14":0,"15":0,"16":0,"17":0,"18":0,"19":0},"f":{},"b":{}}
,"D:\\seletivo\\backend\\src\\main.ts": {"path":"D:\\seletivo\\backend\\src\\main.ts","statementMap":{"0":{"start":{"line":1,"column":0},"end":{"line":1,"column":43}},"1":{"start":{"line":2,"column":0},"end":{"line":2,"column":48}},"2":{"start":{"line":3,"column":0},"end":{"line":3,"column":47}},"3":{"start":{"line":4,"column":0},"end":{"line":4,"column":65}},"4":{"start":{"line":5,"column":0},"end":{"line":5,"column":38}},"5":{"start":{"line":6,"column":0},"end":{"line":6,"column":28}},"6":{"start":{"line":7,"column":0},"end":{"line":7,"column":41}},"7":{"start":{"line":8,"column":0},"end":{"line":8,"column":77}},"8":{"start":{"line":9,"column":0},"end":{"line":9,"column":100}},"9":{"start":{"line":12,"column":14},"end":{"line":12,"column":49}},"10":{"start":{"line":13,"column":24},"end":{"line":13,"column":46}},"11":{"start":{"line":14,"column":15},"end":{"line":14,"column":54}},"12":{"start":{"line":15,"column":17},"end":{"line":15,"column":62}},"13":{"start":{"line":16,"column":21},"end":{"line":18,"column":null}},"14":{"start":{"line":21,"column":2},"end":{"line":21,"column":30}},"15":{"start":{"line":22,"column":2},"end":{"line":25,"column":5}},"16":{"start":{"line":26,"column":2},"end":{"line":33,"column":4}},"17":{"start":{"line":34,"column":2},"end":{"line":34,"column":50}},"18":{"start":{"line":35,"column":2},"end":{"line":35,"column":64}},"19":{"start":{"line":38,"column":2},"end":{"line":38,"column":25}},"20":{"start":{"line":39,"column":2},"end":{"line":39,"column":20}},"21":{"start":{"line":41,"column":24},"end":{"line":53,"column":12}},"22":{"start":{"line":54,"column":19},"end":{"line":54,"column":67}},"23":{"start":{"line":55,"column":2},"end":{"line":55,"column":55}},"24":{"start":{"line":57,"column":2},"end":{"line":57,"column":36}},"25":{"start":{"line":60,"column":0},"end":{"line":60,"column":12}}},"fnMap":{"0":{"name":"bootstrap","decl":{"start":{"line":11,"column":15},"end":{"line":11,"column":24}},"loc":{"start":{"line":11,"column":24},"end":{"line":58,"column":1}}}},"branchMap":{},"s":{"0":0,"1":0,"2":0,"3":0,"4":0,"5":0,"6":0,"7":0,"8":0,"9":0,"10":0,"11":0,"12":0,"13":0,"14":0,"15":0,"16":0,"17":0,"18":0,"19":0,"20":0,"21":0,"22":0,"23":0,"24":0,"25":0},"f":{"0":0},"b":{}}
,"D:\\seletivo\\backend\\src\\activity-logs\\activity-logs.controller.ts": {"path":"D:\\seletivo\\backend\\src\\activity-logs\\activity-logs.controller.ts","statementMap":{"0":{"start":{"line":1,"column":0},"end":{"line":1,"column":76}},"1":{"start":{"line":2,"column":0},"end":{"line":2,"column":62}},"2":{"start":{"line":3,"column":0},"end":{"line":3,"column":63}},"3":{"start":{"line":4,"column":0},"end":{"line":4,"column":71}},"4":{"start":{"line":10,"column":7},"end":{"line":18,"column":null}},"5":{"start":{"line":11,"column":31},"end":{"line":11,"column":52}},"6":{"start":{"line":16,"column":4},"end":{"line":16,"column":56}},"7":{"start":{"line":10,"column":13},"end":{"line":10,"column":35}},"8":{"start":{"line":15,"column":8},"end":{"line":17,"column":null}},"9":{"start":{"line":10,"column":13},"end":{"line":18,"column":null}}},"fnMap":{"0":{"name":"(anonymous_4)","decl":{"start":{"line":11,"column":2},"end":{"line":11,"column":31}},"loc":{"start":{"line":11,"column":71},"end":{"line":11,"column":75}}},"1":{"name":"(anonymous_5)","decl":{"start":{"line":15,"column":8},"end":{"line":15,"column":19}},"loc":{"start":{"line":15,"column":51},"end":{"line":17,"column":3}}}},"branchMap":{"0":{"loc":{"start":{"line":11,"column":52},"end":{"line":11,"column":74}},"type":"cond-expr","locations":[{"start":{"line":11,"column":71},"end":{"line":11,"column":74}},{"start":{"line":11,"column":71},"end":{"line":11,"column":74}}]},"1":{"loc":{"start":{"line":11,"column":52},"end":{"line":11,"column":71}},"type":"binary-expr","locations":[{"start":{"line":11,"column":52},"end":{"line":11,"column":74}},{"start":{"line":11,"column":52},"end":{"line":11,"column":71}}]}},"s":{"0":0,"1":0,"2":0,"3":0,"4":0,"5":0,"6":0,"7":0,"8":0,"9":0},"f":{"0":0,"1":0},"b":{"0":[0,0],"1":[0,0]}}
,"D:\\seletivo\\backend\\src\\activity-logs\\activity-logs.module.ts": {"path":"D:\\seletivo\\backend\\src\\activity-logs\\activity-logs.module.ts","statementMap":{"0":{"start":{"line":1,"column":0},"end":{"line":1,"column":40}},"1":{"start":{"line":2,"column":0},"end":{"line":2,"column":62}},"2":{"start":{"line":3,"column":0},"end":{"line":3,"column":68}},"3":{"start":{"line":4,"column":0},"end":{"line":4,"column":55}},"4":{"start":{"line":12,"column":7},"end":{"line":12,"column":null}},"5":{"start":{"line":12,"column":13},"end":{"line":12,"column":31}},"6":{"start":{"line":12,"column":13},"end":{"line":12,"column":null}}},"fnMap":{},"branchMap":{},"s":{"0":0,"1":0,"2":0,"3":0,"4":0,"5":0,"6":0},"f":{},"b":{}}
,"D:\\seletivo\\backend\\src\\activity-logs\\activity-logs.service.ts": {"path":"D:\\seletivo\\backend\\src\\activity-logs\\activity-logs.service.ts","statementMap":{"0":{"start":{"line":1,"column":0},"end":{"line":1,"column":44}},"1":{"start":{"line":2,"column":0},"end":{"line":2,"column":57}},"2":{"start":{"line":5,"column":7},"end":{"line":38,"column":null}},"3":{"start":{"line":6,"column":22},"end":{"line":6,"column":30}},"4":{"start":{"line":14,"column":4},"end":{"line":21,"column":7}},"5":{"start":{"line":25,"column":17},"end":{"line":31,"column":6}},"6":{"start":{"line":33,"column":4},"end":{"line":36,"column":8}},"7":{"start":{"line":33,"column":30},"end":{"line":36,"column":6}},"8":{"start":{"line":5,"column":13},"end":{"line":5,"column":32}},"9":{"start":{"line":5,"column":13},"end":{"line":38,"column":null}}},"fnMap":{"0":{"name":"(anonymous_2)","decl":{"start":{"line":6,"column":2},"end":{"line":6,"column":22}},"loc":{"start":{"line":6,"column":43},"end":{"line":6,"column":47}}},"1":{"name":"(anonymous_3)","decl":{"start":{"line":8,"column":2},"end":{"line":8,"column":7}},"loc":{"start":{"line":12,"column":20},"end":{"line":22,"column":3}}},"2":{"name":"(anonymous_4)","decl":{"start":{"line":24,"column":2},"end":{"line":24,"column":7}},"loc":{"start":{"line":24,"column":34},"end":{"line":37,"column":3}}},"3":{"name":"(anonymous_5)","decl":{"start":{"line":33,"column":20},"end":{"line":33,"column":21}},"loc":{"start":{"line":33,"column":30},"end":{"line":36,"column":6}}}},"branchMap":{"0":{"loc":{"start":{"line":6,"column":30},"end":{"line":6,"column":46}},"type":"cond-expr","locations":[{"start":{"line":6,"column":43},"end":{"line":6,"column":46}},{"start":{"line":6,"column":43},"end":{"line":6,"column":46}}]},"1":{"loc":{"start":{"line":6,"column":30},"end":{"line":6,"column":43}},"type":"binary-expr","locations":[{"start":{"line":6,"column":30},"end":{"line":6,"column":46}},{"start":{"line":6,"column":30},"end":{"line":6,"column":43}}]}},"s":{"0":2,"1":2,"2":2,"3":3,"4":1,"5":1,"6":1,"7":1,"8":2,"9":2},"f":{"0":3,"1":1,"2":1,"3":1},"b":{"0":[2,0],"1":[2,2]}}
,"D:\\seletivo\\backend\\src\\auth\\auth.controller.ts": {"path":"D:\\seletivo\\backend\\src\\auth\\auth.controller.ts","statementMap":{"0":{"start":{"line":1,"column":0},"end":{"line":1,"column":null}},"1":{"start":{"line":13,"column":0},"end":{"line":13,"column":null}},"2":{"start":{"line":19,"column":0},"end":{"line":19,"column":45}},"3":{"start":{"line":20,"column":0},"end":{"line":20,"column":45}},"4":{"start":{"line":21,"column":0},"end":{"line":21,"column":35}},"5":{"start":{"line":22,"column":0},"end":{"line":22,"column":47}},"6":{"start":{"line":23,"column":0},"end":{"line":23,"column":45}},"7":{"start":{"line":24,"column":0},"end":{"line":24,"column":43}},"8":{"start":{"line":25,"column":0},"end":{"line":25,"column":49}},"9":{"start":{"line":26,"column":0},"end":{"line":26,"column":60}},"10":{"start":{"line":28,"column":0},"end":{"line":28,"column":63}},"11":{"start":{"line":29,"column":0},"end":{"line":29,"column":74}},"12":{"start":{"line":31,"column":0},"end":{"line":31,"column":62}},"13":{"start":{"line":32,"column":0},"end":{"line":32,"column":60}},"14":{"start":{"line":36,"column":7},"end":{"line":211,"column":null}},"15":{"start":{"line":38,"column":21},"end":{"line":38,"column":34}},"16":{"start":{"line":39,"column":21},"end":{"line":39,"column":36}},"17":{"start":{"line":55,"column":4},"end":{"line":55,"column":39}},"18":{"start":{"line":76,"column":18},"end":{"line":76,"column":75}},"19":{"start":{"line":77,"column":4},"end":{"line":83,"column":5}},"20":{"start":{"line":78,"column":26},"end":{"line":80,"column":null}},"21":{"start":{"line":82,"column":6},"end":{"line":82,"column":69}},"22":{"start":{"line":84,"column":24},"end":{"line":86,"column":null}},"23":{"start":{"line":88,"column":4},"end":{"line":90,"column":6}},"24":{"start":{"line":111,"column":18},"end":{"line":111,"column":75}},"25":{"start":{"line":112,"column":4},"end":{"line":118,"column":5}},"26":{"start":{"line":113,"column":26},"end":{"line":115,"column":null}},"27":{"start":{"line":117,"column":6},"end":{"line":117,"column":69}},"28":{"start":{"line":119,"column":24},"end":{"line":121,"column":null}},"29":{"start":{"line":123,"column":4},"end":{"line":125,"column":6}},"30":{"start":{"line":139,"column":4},"end":{"line":139,"column":42}},"31":{"start":{"line":151,"column":4},"end":{"line":151,"column":45}},"32":{"start":{"line":159,"column":4},"end":{"line":159,"column":48}},"33":{"start":{"line":177,"column":4},"end":{"line":177,"column":56}},"34":{"start":{"line":194,"column":4},"end":{"line":194,"column":54}},"35":{"start":{"line":209,"column":4},"end":{"line":209,"column":67}},"36":{"start":{"line":36,"column":13},"end":{"line":36,"column":27}},"37":{"start":{"line":54,"column":8},"end":{"line":56,"column":null}},"38":{"start":{"line":63,"column":2},"end":{"line":65,"column":null}},"39":{"start":{"line":75,"column":2},"end":{"line":91,"column":null}},"40":{"start":{"line":98,"column":2},"end":{"line":100,"column":null}},"41":{"start":{"line":110,"column":2},"end":{"line":126,"column":null}},"42":{"start":{"line":138,"column":8},"end":{"line":140,"column":null}},"43":{"start":{"line":150,"column":8},"end":{"line":152,"column":null}},"44":{"start":{"line":158,"column":8},"end":{"line":160,"column":null}},"45":{"start":{"line":173,"column":8},"end":{"line":178,"column":null}},"46":{"start":{"line":193,"column":8},"end":{"line":195,"column":null}},"47":{"start":{"line":208,"column":8},"end":{"line":210,"column":null}},"48":{"start":{"line":36,"column":13},"end":{"line":211,"column":null}}},"fnMap":{"0":{"name":"(anonymous_13)","decl":{"start":{"line":37,"column":2},"end":{"line":37,"column":null}},"loc":{"start":{"line":39,"column":49},"end":{"line":40,"column":7}}},"1":{"name":"(anonymous_14)","decl":{"start":{"line":54,"column":8},"end":{"line":54,"column":13}},"loc":{"start":{"line":54,"column":35},"end":{"line":56,"column":3}}},"2":{"name":"(anonymous_15)","decl":{"start":{"line":63,"column":2},"end":{"line":63,"column":13}},"loc":{"start":{"line":63,"column":13},"end":{"line":65,"column":3}}},"3":{"name":"(anonymous_16)","decl":{"start":{"line":75,"column":2},"end":{"line":75,"column":16}},"loc":{"start":{"line":75,"column":74},"end":{"line":91,"column":3}}},"4":{"name":"(anonymous_17)","decl":{"start":{"line":98,"column":2},"end":{"line":98,"column":13}},"loc":{"start":{"line":98,"column":13},"end":{"line":100,"column":3}}},"5":{"name":"(anonymous_18)","decl":{"start":{"line":110,"column":2},"end":{"line":110,"column":16}},"loc":{"start":{"line":110,"column":74},"end":{"line":126,"column":3}}},"6":{"name":"(anonymous_19)","decl":{"start":{"line":138,"column":8},"end":{"line":138,"column":16}},"loc":{"start":{"line":138,"column":41},"end":{"line":140,"column":3}}},"7":{"name":"(anonymous_20)","decl":{"start":{"line":150,"column":8},"end":{"line":150,"column":15}},"loc":{"start":{"line":150,"column":50},"end":{"line":152,"column":3}}},"8":{"name":"(anonymous_21)","decl":{"start":{"line":158,"column":8},"end":{"line":158,"column":18}},"loc":{"start":{"line":158,"column":53},"end":{"line":160,"column":3}}},"9":{"name":"(anonymous_22)","decl":{"start":{"line":173,"column":8},"end":{"line":173,"column":21}},"loc":{"start":{"line":175,"column":33},"end":{"line":178,"column":3}}},"10":{"name":"(anonymous_23)","decl":{"start":{"line":193,"column":8},"end":{"line":193,"column":22}},"loc":{"start":{"line":193,"column":53},"end":{"line":195,"column":3}}},"11":{"name":"(anonymous_24)","decl":{"start":{"line":208,"column":8},"end":{"line":208,"column":21}},"loc":{"start":{"line":208,"column":51},"end":{"line":210,"column":3}}}},"branchMap":{"0":{"loc":{"start":{"line":77,"column":4},"end":{"line":83,"column":5}},"type":"if","locations":[{"start":{"line":77,"column":4},"end":{"line":83,"column":5}},{"start":{},"end":{}}]},"1":{"loc":{"start":{"line":112,"column":4},"end":{"line":118,"column":5}},"type":"if","locations":[{"start":{"line":112,"column":4},"end":{"line":118,"column":5}},{"start":{},"end":{}}]},"2":{"loc":{"start":{"line":54,"column":27},"end":{"line":54,"column":38}},"type":"cond-expr","locations":[{"start":{"line":54,"column":35},"end":{"line":54,"column":38}},{"start":{"line":54,"column":35},"end":{"line":54,"column":38}}]},"3":{"loc":{"start":{"line":54,"column":27},"end":{"line":54,"column":35}},"type":"binary-expr","locations":[{"start":{"line":54,"column":27},"end":{"line":54,"column":38}},{"start":{"line":54,"column":27},"end":{"line":54,"column":35}}]},"4":{"loc":{"start":{"line":54,"column":38},"end":{"line":54,"column":null}},"type":"cond-expr","locations":[{"start":{"line":54,"column":45},"end":{"line":54,"column":null}},{"start":{"line":54,"column":45},"end":{"line":54,"column":null}}]},"5":{"loc":{"start":{"line":54,"column":38},"end":{"line":54,"column":45}},"type":"binary-expr","locations":[{"start":{"line":54,"column":38},"end":{"line":54,"column":null}},{"start":{"line":54,"column":38},"end":{"line":54,"column":45}}]},"6":{"loc":{"start":{"line":75,"column":29},"end":{"line":75,"column":47}},"type":"cond-expr","locations":[{"start":{"line":75,"column":44},"end":{"line":75,"column":47}},{"start":{"line":75,"column":44},"end":{"line":75,"column":47}}]},"7":{"loc":{"start":{"line":75,"column":29},"end":{"line":75,"column":44}},"type":"binary-expr","locations":[{"start":{"line":75,"column":29},"end":{"line":75,"column":37}},{"start":{"line":75,"column":29},"end":{"line":75,"column":44}}]},"8":{"loc":{"start":{"line":75,"column":44},"end":{"line":75,"column":null}},"type":"cond-expr","locations":[{"start":{"line":75,"column":74},"end":{"line":75,"column":null}},{"start":{"line":75,"column":74},"end":{"line":75,"column":null}}]},"9":{"loc":{"start":{"line":75,"column":44},"end":{"line":75,"column":74}},"type":"binary-expr","locations":[{"start":{"line":75,"column":44},"end":{"line":75,"column":66}},{"start":{"line":75,"column":58},"end":{"line":75,"column":74}}]},"10":{"loc":{"start":{"line":110,"column":29},"end":{"line":110,"column":47}},"type":"cond-expr","locations":[{"start":{"line":110,"column":44},"end":{"line":110,"column":47}},{"start":{"line":110,"column":44},"end":{"line":110,"column":47}}]},"11":{"loc":{"start":{"line":110,"column":29},"end":{"line":110,"column":44}},"type":"binary-expr","locations":[{"start":{"line":110,"column":29},"end":{"line":110,"column":37}},{"start":{"line":110,"column":29},"end":{"line":110,"column":44}}]},"12":{"loc":{"start":{"line":110,"column":44},"end":{"line":110,"column":null}},"type":"cond-expr","locations":[{"start":{"line":110,"column":74},"end":{"line":110,"column":null}},{"start":{"line":110,"column":74},"end":{"line":110,"column":null}}]},"13":{"loc":{"start":{"line":110,"column":44},"end":{"line":110,"column":74}},"type":"binary-expr","locations":[{"start":{"line":110,"column":44},"end":{"line":110,"column":66}},{"start":{"line":110,"column":58},"end":{"line":110,"column":74}}]},"14":{"loc":{"start":{"line":138,"column":30},"end":{"line":138,"column":44}},"type":"cond-expr","locations":[{"start":{"line":138,"column":41},"end":{"line":138,"column":44}},{"start":{"line":138,"column":41},"end":{"line":138,"column":44}}]},"15":{"loc":{"start":{"line":138,"column":30},"end":{"line":138,"column":41}},"type":"binary-expr","locations":[{"start":{"line":138,"column":30},"end":{"line":138,"column":44}},{"start":{"line":138,"column":30},"end":{"line":138,"column":41}}]},"16":{"loc":{"start":{"line":138,"column":44},"end":{"line":138,"column":null}},"type":"cond-expr","locations":[{"start":{"line":138,"column":51},"end":{"line":138,"column":null}},{"start":{"line":138,"column":51},"end":{"line":138,"column":null}}]},"17":{"loc":{"start":{"line":138,"column":44},"end":{"line":138,"column":51}},"type":"binary-expr","locations":[{"start":{"line":138,"column":44},"end":{"line":138,"column":null}},{"start":{"line":138,"column":44},"end":{"line":138,"column":51}}]},"18":{"loc":{"start":{"line":150,"column":53},"end":{"line":150,"column":null}},"type":"cond-expr","locations":[{"start":{"line":150,"column":60},"end":{"line":150,"column":null}},{"start":{"line":150,"column":60},"end":{"line":150,"column":null}}]},"19":{"loc":{"start":{"line":150,"column":53},"end":{"line":150,"column":60}},"type":"binary-expr","locations":[{"start":{"line":150,"column":53},"end":{"line":150,"column":null}},{"start":{"line":150,"column":53},"end":{"line":150,"column":60}}]},"20":{"loc":{"start":{"line":175,"column":17},"end":{"line":175,"column":null}},"type":"cond-expr","locations":[{"start":{"line":175,"column":33},"end":{"line":175,"column":null}},{"start":{"line":175,"column":33},"end":{"line":175,"column":null}}]},"21":{"loc":{"start":{"line":175,"column":17},"end":{"line":175,"column":33}},"type":"binary-expr","locations":[{"start":{"line":175,"column":17},"end":{"line":175,"column":null}},{"start":{"line":175,"column":17},"end":{"line":175,"column":33}}]},"22":{"loc":{"start":{"line":193,"column":36},"end":{"line":193,"column":56}},"type":"cond-expr","locations":[{"start":{"line":193,"column":53},"end":{"line":193,"column":56}},{"start":{"line":193,"column":53},"end":{"line":193,"column":56}}]},"23":{"loc":{"start":{"line":193,"column":36},"end":{"line":193,"column":53}},"type":"binary-expr","locations":[{"start":{"line":193,"column":36},"end":{"line":193,"column":56}},{"start":{"line":193,"column":36},"end":{"line":193,"column":53}}]},"24":{"loc":{"start":{"line":193,"column":56},"end":{"line":193,"column":null}},"type":"cond-expr","locations":[{"start":{"line":193,"column":63},"end":{"line":193,"column":null}},{"start":{"line":193,"column":63},"end":{"line":193,"column":null}}]},"25":{"loc":{"start":{"line":193,"column":56},"end":{"line":193,"column":63}},"type":"binary-expr","locations":[{"start":{"line":193,"column":56},"end":{"line":193,"column":null}},{"start":{"line":193,"column":56},"end":{"line":193,"column":63}}]},"26":{"loc":{"start":{"line":208,"column":35},"end":{"line":208,"column":54}},"type":"cond-expr","locations":[{"start":{"line":208,"column":51},"end":{"line":208,"column":54}},{"start":{"line":208,"column":51},"end":{"line":208,"column":54}}]},"27":{"loc":{"start":{"line":208,"column":35},"end":{"line":208,"column":51}},"type":"binary-expr","locations":[{"start":{"line":208,"column":35},"end":{"line":208,"column":54}},{"start":{"line":208,"column":35},"end":{"line":208,"column":51}}]},"28":{"loc":{"start":{"line":208,"column":54},"end":{"line":208,"column":null}},"type":"cond-expr","locations":[{"start":{"line":208,"column":61},"end":{"line":208,"column":null}},{"start":{"line":208,"column":61},"end":{"line":208,"column":null}}]},"29":{"loc":{"start":{"line":208,"column":54},"end":{"line":208,"column":61}},"type":"binary-expr","locations":[{"start":{"line":208,"column":54},"end":{"line":208,"column":null}},{"start":{"line":208,"column":54},"end":{"line":208,"column":61}}]},"30":{"loc":{"start":{"line":38,"column":34},"end":{"line":38,"column":null}},"type":"cond-expr","locations":[{"start":{"line":38,"column":45},"end":{"line":38,"column":null}},{"start":{"line":38,"column":45},"end":{"line":38,"column":null}}]},"31":{"loc":{"start":{"line":38,"column":34},"end":{"line":38,"column":45}},"type":"binary-expr","locations":[{"start":{"line":38,"column":34},"end":{"line":38,"column":null}},{"start":{"line":38,"column":34},"end":{"line":38,"column":45}}]},"32":{"loc":{"start":{"line":38,"column":45},"end":{"line":39,"column":null}},"type":"cond-expr","locations":[{"start":{"line":39,"column":49},"end":{"line":39,"column":null}},{"start":{"line":39,"column":49},"end":{"line":39,"column":null}}]},"33":{"loc":{"start":{"line":38,"column":45},"end":{"line":39,"column":49}},"type":"binary-expr","locations":[{"start":{"line":38,"column":45},"end":{"line":39,"column":null}},{"start":{"line":39,"column":36},"end":{"line":39,"column":49}}]}},"s":{"0":0,"1":0,"2":0,"3":0,"4":0,"5":0,"6":0,"7":0,"8":0,"9":0,"10":0,"11":0,"12":0,"13":0,"14":0,"15":0,"16":0,"17":0,"18":0,"19":0,"20":0,"21":0,"22":0,"23":0,"24":0,"25":0,"26":0,"27":0,"28":0,"29":0,"30":0,"31":0,"32":0,"33":0,"34":0,"35":0,"36":0,"37":0,"38":0,"39":0,"40":0,"41":0,"42":0,"43":0,"44":0,"45":0,"46":0,"47":0,"48":0},"f":{"0":0,"1":0,"2":0,"3":0,"4":0,"5":0,"6":0,"7":0,"8":0,"9":0,"10":0,"11":0},"b":{"0":[0,0],"1":[0,0],"2":[0,0],"3":[0,0],"4":[0,0],"5":[0,0],"6":[0,0],"7":[0,0],"8":[0,0],"9":[0,0],"10":[0,0],"11":[0,0],"12":[0,0],"13":[0,0],"14":[0,0],"15":[0,0],"16":[0,0],"17":[0,0],"18":[0,0],"19":[0,0],"20":[0,0],"21":[0,0],"22":[0,0],"23":[0,0],"24":[0,0],"25":[0,0],"26":[0,0],"27":[0,0],"28":[0,0],"29":[0,0],"30":[0,0],"31":[0,0],"32":[0,0],"33":[0,0]}}
,"D:\\seletivo\\backend\\src\\auth\\auth.module.ts": {"path":"D:\\seletivo\\backend\\src\\auth\\auth.module.ts","statementMap":{"0":{"start":{"line":1,"column":0},"end":{"line":1,"column":40}},"1":{"start":{"line":2,"column":0},"end":{"line":2,"column":40}},"2":{"start":{"line":3,"column":0},"end":{"line":3,"column":50}},"3":{"start":{"line":4,"column":0},"end":{"line":4,"column":61}},"4":{"start":{"line":5,"column":0},"end":{"line":5,"column":51}},"5":{"start":{"line":6,"column":0},"end":{"line":6,"column":45}},"6":{"start":{"line":7,"column":0},"end":{"line":7,"column":56}},"7":{"start":{"line":8,"column":0},"end":{"line":8,"column":62}},"8":{"start":{"line":9,"column":0},"end":{"line":9,"column":62}},"9":{"start":{"line":10,"column":0},"end":{"line":10,"column":52}},"10":{"start":{"line":11,"column":0},"end":{"line":11,"column":55}},"11":{"start":{"line":41,"column":7},"end":{"line":41,"column":null}},"12":{"start":{"line":41,"column":13},"end":{"line":41,"column":23}},"13":{"start":{"line":41,"column":13},"end":{"line":41,"column":null}},"14":{"start":{"line":20,"column":26},"end":{"line":20,"column":76}},"15":{"start":{"line":22,"column":10},"end":{"line":22,"column":73}},"16":{"start":{"line":23,"column":8},"end":{"line":26,"column":10}}},"fnMap":{"0":{"name":"(anonymous_1)","decl":{"start":{"line":19,"column":18},"end":{"line":19,"column":19}},"loc":{"start":{"line":19,"column":51},"end":{"line":27,"column":7}}}},"branchMap":{"0":{"loc":{"start":{"line":20,"column":26},"end":{"line":20,"column":76}},"type":"binary-expr","locations":[{"start":{"line":20,"column":26},"end":{"line":20,"column":68}},{"start":{"line":20,"column":72},"end":{"line":20,"column":76}}]},"1":{"loc":{"start":{"line":22,"column":10},"end":{"line":22,"column":73}},"type":"cond-expr","locations":[{"start":{"line":22,"column":31},"end":{"line":22,"column":37}},{"start":{"line":22,"column":40},"end":{"line":22,"column":73}}]},"2":{"loc":{"start":{"line":22,"column":40},"end":{"line":22,"column":73}},"type":"binary-expr","locations":[{"start":{"line":22,"column":40},"end":{"line":22,"column":63}},{"start":{"line":22,"column":67},"end":{"line":22,"column":73}}]},"3":{"loc":{"start":{"line":24,"column":18},"end":{"line":24,"column":77}},"type":"binary-expr","locations":[{"start":{"line":24,"column":18},"end":{"line":24,"column":57}},{"start":{"line":24,"column":61},"end":{"line":24,"column":77}}]}},"s":{"0":0,"1":0,"2":0,"3":0,"4":0,"5":0,"6":0,"7":0,"8":0,"9":0,"10":0,"11":0,"12":0,"13":0,"14":0,"15":0,"16":0},"f":{"0":0},"b":{"0":[0,0],"1":[0,0],"2":[0,0],"3":[0,0]}}
,"D:\\seletivo\\backend\\src\\auth\\auth.service.ts": {"path":"D:\\seletivo\\backend\\src\\auth\\auth.service.ts","statementMap":{"0":{"start":{"line":1,"column":0},"end":{"line":1,"column":null}},"1":{"start":{"line":8,"column":0},"end":{"line":8,"column":33}},"2":{"start":{"line":9,"column":0},"end":{"line":9,"column":41}},"3":{"start":{"line":10,"column":0},"end":{"line":10,"column":47}},"4":{"start":{"line":11,"column":0},"end":{"line":11,"column":33}},"5":{"start":{"line":12,"column":0},"end":{"line":12,"column":54}},"6":{"start":{"line":13,"column":0},"end":{"line":13,"column":55}},"7":{"start":{"line":21,"column":24},"end":{"line":203,"column":null}},"8":{"start":{"line":22,"column":28},"end":{"line":22,"column":56}},"9":{"start":{"line":23,"column":32},"end":{"line":23,"column":34}},"10":{"start":{"line":26,"column":12},"end":{"line":26,"column":26}},"11":{"start":{"line":27,"column":12},"end":{"line":27,"column":24}},"12":{"start":{"line":28,"column":12},"end":{"line":28,"column":27}},"13":{"start":{"line":29,"column":12},"end":{"line":29,"column":25}},"14":{"start":{"line":33,"column":17},"end":{"line":33,"column":63}},"15":{"start":{"line":34,"column":4},"end":{"line":36,"column":5}},"16":{"start":{"line":35,"column":6},"end":{"line":35,"column":66}},"17":{"start":{"line":37,"column":4},"end":{"line":41,"column":5}},"18":{"start":{"line":38,"column":6},"end":{"line":40,"column":8}},"19":{"start":{"line":42,"column":28},"end":{"line":44,"column":null}},"20":{"start":{"line":46,"column":4},"end":{"line":48,"column":5}},"21":{"start":{"line":47,"column":6},"end":{"line":47,"column":66}},"22":{"start":{"line":49,"column":4},"end":{"line":49,"column":40}},"23":{"start":{"line":53,"column":25},"end":{"line":53,"column":73}},"24":{"start":{"line":54,"column":17},"end":{"line":58,"column":6}},"25":{"start":{"line":59,"column":4},"end":{"line":59,"column":40}},"26":{"start":{"line":72,"column":6},"end":{"line":72,"column":69}},"27":{"start":{"line":74,"column":6},"end":{"line":74,"column":69}},"28":{"start":{"line":75,"column":19},"end":{"line":75,"column":53}},"29":{"start":{"line":76,"column":17},"end":{"line":82,"column":6}},"30":{"start":{"line":83,"column":4},"end":{"line":83,"column":40}},"31":{"start":{"line":87,"column":17},"end":{"line":87,"column":62}},"32":{"start":{"line":88,"column":4},"end":{"line":90,"column":5}},"33":{"start":{"line":89,"column":6},"end":{"line":89,"column":64}},"34":{"start":{"line":91,"column":4},"end":{"line":91,"column":40}},"35":{"start":{"line":95,"column":17},"end":{"line":95,"column":62}},"36":{"start":{"line":96,"column":4},"end":{"line":98,"column":5}},"37":{"start":{"line":97,"column":6},"end":{"line":97,"column":64}},"38":{"start":{"line":99,"column":4},"end":{"line":104,"column":6}},"39":{"start":{"line":111,"column":19},"end":{"line":111,"column":30}},"40":{"start":{"line":113,"column":4},"end":{"line":121,"column":5}},"41":{"start":{"line":114,"column":6},"end":{"line":116,"column":7}},"42":{"start":{"line":115,"column":8},"end":{"line":115,"column":58}},"43":{"start":{"line":117,"column":6},"end":{"line":119,"column":7}},"44":{"start":{"line":118,"column":8},"end":{"line":118,"column":65}},"45":{"start":{"line":120,"column":6},"end":{"line":120,"column":70}},"46":{"start":{"line":122,"column":17},"end":{"line":126,"column":6}},"47":{"start":{"line":127,"column":4},"end":{"line":132,"column":6}},"48":{"start":{"line":136,"column":4},"end":{"line":136,"column":69}},"49":{"start":{"line":137,"column":17},"end":{"line":137,"column":59}},"50":{"start":{"line":139,"column":4},"end":{"line":143,"column":5}},"51":{"start":{"line":140,"column":6},"end":{"line":140,"column":60}},"52":{"start":{"line":142,"column":6},"end":{"line":142,"column":13}},"53":{"start":{"line":145,"column":18},"end":{"line":145,"column":56}},"54":{"start":{"line":146,"column":20},"end":{"line":146,"column":30}},"55":{"start":{"line":147,"column":4},"end":{"line":147,"column":45}},"56":{"start":{"line":149,"column":4},"end":{"line":149,"column":77}},"57":{"start":{"line":150,"column":4},"end":{"line":158,"column":5}},"58":{"start":{"line":151,"column":6},"end":{"line":151,"column":72}},"59":{"start":{"line":152,"column":6},"end":{"line":152,"column":72}},"60":{"start":{"line":153,"column":6},"end":{"line":153,"column":71}},"61":{"start":{"line":154,"column":6},"end":{"line":154,"column":64}},"62":{"start":{"line":156,"column":6},"end":{"line":156,"column":71}},"63":{"start":{"line":157,"column":6},"end":{"line":157,"column":18}},"64":{"start":{"line":163,"column":17},"end":{"line":163,"column":64}},"65":{"start":{"line":165,"column":4},"end":{"line":171,"column":5}},"66":{"start":{"line":170,"column":6},"end":{"line":170,"column":66}},"67":{"start":{"line":173,"column":25},"end":{"line":173,"column":72}},"68":{"start":{"line":175,"column":4},"end":{"line":175,"column":79}},"69":{"start":{"line":184,"column":22},"end":{"line":184,"column":77}},"70":{"start":{"line":186,"column":6},"end":{"line":186,"column":69}},"71":{"start":{"line":187,"column":18},"end":{"line":193,"column":null}},"72":{"start":{"line":195,"column":42},"end":{"line":200,"column":6}},"73":{"start":{"line":201,"column":4},"end":{"line":201,"column":41}},"74":{"start":{"line":21,"column":13},"end":{"line":21,"column":24}},"75":{"start":{"line":21,"column":13},"end":{"line":203,"column":null}}},"fnMap":{"0":{"name":"(anonymous_11)","decl":{"start":{"line":25,"column":2},"end":{"line":25,"column":null}},"loc":{"start":{"line":29,"column":36},"end":{"line":30,"column":7}}},"1":{"name":"(anonymous_12)","decl":{"start":{"line":32,"column":2},"end":{"line":32,"column":7}},"loc":{"start":{"line":32,"column":27},"end":{"line":50,"column":3}}},"2":{"name":"(anonymous_13)","decl":{"start":{"line":52,"column":2},"end":{"line":52,"column":7}},"loc":{"start":{"line":52,"column":33},"end":{"line":60,"column":3}}},"3":{"name":"(anonymous_14)","decl":{"start":{"line":62,"column":2},"end":{"line":62,"column":7}},"loc":{"start":{"line":69,"column":5},"end":{"line":84,"column":3}}},"4":{"name":"(anonymous_15)","decl":{"start":{"line":86,"column":2},"end":{"line":86,"column":7}},"loc":{"start":{"line":86,"column":35},"end":{"line":92,"column":3}}},"5":{"name":"(anonymous_16)","decl":{"start":{"line":94,"column":2},"end":{"line":94,"column":7}},"loc":{"start":{"line":94,"column":38},"end":{"line":105,"column":3}}},"6":{"name":"(anonymous_17)","decl":{"start":{"line":107,"column":2},"end":{"line":107,"column":7}},"loc":{"start":{"line":109,"column":25},"end":{"line":133,"column":3}}},"7":{"name":"(anonymous_18)","decl":{"start":{"line":135,"column":2},"end":{"line":135,"column":7}},"loc":{"start":{"line":135,"column":36},"end":{"line":159,"column":3}}},"8":{"name":"(anonymous_19)","decl":{"start":{"line":161,"column":2},"end":{"line":161,"column":7}},"loc":{"start":{"line":161,"column":56},"end":{"line":176,"column":3}}},"9":{"name":"(anonymous_20)","decl":{"start":{"line":178,"column":10},"end":{"line":178,"column":15}},"loc":{"start":{"line":183,"column":3},"end":{"line":202,"column":3}}}},"branchMap":{"0":{"loc":{"start":{"line":34,"column":4},"end":{"line":36,"column":5}},"type":"if","locations":[{"start":{"line":34,"column":4},"end":{"line":36,"column":5}},{"start":{},"end":{}}]},"1":{"loc":{"start":{"line":37,"column":4},"end":{"line":41,"column":5}},"type":"if","locations":[{"start":{"line":37,"column":4},"end":{"line":41,"column":5}},{"start":{},"end":{}}]},"2":{"loc":{"start":{"line":46,"column":4},"end":{"line":48,"column":5}},"type":"if","locations":[{"start":{"line":46,"column":4},"end":{"line":48,"column":5}},{"start":{},"end":{}}]},"3":{"loc":{"start":{"line":72,"column":6},"end":{"line":72,"column":69}},"type":"binary-expr","locations":[{"start":{"line":72,"column":6},"end":{"line":72,"column":32}},{"start":{"line":72,"column":36},"end":{"line":72,"column":69}}]},"4":{"loc":{"start":{"line":74,"column":6},"end":{"line":74,"column":69}},"type":"binary-expr","locations":[{"start":{"line":74,"column":6},"end":{"line":74,"column":33}},{"start":{"line":74,"column":37},"end":{"line":74,"column":56}},{"start":{"line":74,"column":60},"end":{"line":74,"column":69}}]},"5":{"loc":{"start":{"line":75,"column":19},"end":{"line":75,"column":53}},"type":"binary-expr","locations":[{"start":{"line":75,"column":19},"end":{"line":75,"column":45}},{"start":{"line":75,"column":49},"end":{"line":75,"column":53}}]},"6":{"loc":{"start":{"line":88,"column":4},"end":{"line":90,"column":5}},"type":"if","locations":[{"start":{"line":88,"column":4},"end":{"line":90,"column":5}},{"start":{},"end":{}}]},"7":{"loc":{"start":{"line":96,"column":4},"end":{"line":98,"column":5}},"type":"if","locations":[{"start":{"line":96,"column":4},"end":{"line":98,"column":5}},{"start":{},"end":{}}]},"8":{"loc":{"start":{"line":103,"column":14},"end":{"line":103,"column":38}},"type":"binary-expr","locations":[{"start":{"line":103,"column":14},"end":{"line":103,"column":25}},{"start":{"line":103,"column":29},"end":{"line":103,"column":38}}]},"9":{"loc":{"start":{"line":113,"column":4},"end":{"line":121,"column":5}},"type":"if","locations":[{"start":{"line":113,"column":4},"end":{"line":121,"column":5}},{"start":{},"end":{}}]},"10":{"loc":{"start":{"line":113,"column":8},"end":{"line":113,"column":64}},"type":"binary-expr","locations":[{"start":{"line":113,"column":8},"end":{"line":113,"column":34}},{"start":{"line":113,"column":38},"end":{"line":113,"column":64}}]},"11":{"loc":{"start":{"line":114,"column":6},"end":{"line":116,"column":7}},"type":"if","locations":[{"start":{"line":114,"column":6},"end":{"line":116,"column":7}},{"start":{},"end":{}}]},"12":{"loc":{"start":{"line":114,"column":10},"end":{"line":114,"column":67}},"type":"binary-expr","locations":[{"start":{"line":114,"column":10},"end":{"line":114,"column":30}},{"start":{"line":114,"column":34},"end":{"line":114,"column":67}}]},"13":{"loc":{"start":{"line":117,"column":6},"end":{"line":119,"column":7}},"type":"if","locations":[{"start":{"line":117,"column":6},"end":{"line":119,"column":7}},{"start":{},"end":{}}]},"14":{"loc":{"start":{"line":123,"column":10},"end":{"line":123,"column":54}},"type":"binary-expr","locations":[{"start":{"line":123,"column":10},"end":{"line":123,"column":32}},{"start":{"line":123,"column":36},"end":{"line":123,"column":54}}]},"15":{"loc":{"start":{"line":124,"column":10},"end":{"line":124,"column":57}},"type":"binary-expr","locations":[{"start":{"line":124,"column":10},"end":{"line":124,"column":33}},{"start":{"line":124,"column":37},"end":{"line":124,"column":57}}]},"16":{"loc":{"start":{"line":125,"column":10},"end":{"line":125,"column":56}},"type":"binary-expr","locations":[{"start":{"line":125,"column":10},"end":{"line":125,"column":36}},{"start":{"line":125,"column":40},"end":{"line":125,"column":56}}]},"17":{"loc":{"start":{"line":131,"column":14},"end":{"line":131,"column":38}},"type":"binary-expr","locations":[{"start":{"line":131,"column":14},"end":{"line":131,"column":25}},{"start":{"line":131,"column":29},"end":{"line":131,"column":38}}]},"18":{"loc":{"start":{"line":139,"column":4},"end":{"line":143,"column":5}},"type":"if","locations":[{"start":{"line":139,"column":4},"end":{"line":143,"column":5}},{"start":{},"end":{}}]},"19":{"loc":{"start":{"line":165,"column":4},"end":{"line":171,"column":5}},"type":"if","locations":[{"start":{"line":165,"column":4},"end":{"line":171,"column":5}},{"start":{},"end":{}}]},"20":{"loc":{"start":{"line":166,"column":6},"end":{"line":168,"column":44}},"type":"binary-expr","locations":[{"start":{"line":166,"column":6},"end":{"line":166,"column":11}},{"start":{"line":167,"column":6},"end":{"line":167,"column":32}},{"start":{"line":168,"column":6},"end":{"line":168,"column":44}}]},"21":{"loc":{"start":{"line":184,"column":22},"end":{"line":184,"column":77}},"type":"binary-expr","locations":[{"start":{"line":184,"column":22},"end":{"line":184,"column":69}},{"start":{"line":184,"column":73},"end":{"line":184,"column":77}}]},"22":{"loc":{"start":{"line":186,"column":6},"end":{"line":186,"column":69}},"type":"cond-expr","locations":[{"start":{"line":186,"column":27},"end":{"line":186,"column":33}},{"start":{"line":186,"column":36},"end":{"line":186,"column":69}}]},"23":{"loc":{"start":{"line":186,"column":36},"end":{"line":186,"column":69}},"type":"binary-expr","locations":[{"start":{"line":186,"column":36},"end":{"line":186,"column":59}},{"start":{"line":186,"column":63},"end":{"line":186,"column":69}}]},"24":{"loc":{"start":{"line":191,"column":10},"end":{"line":191,"column":74}},"type":"binary-expr","locations":[{"start":{"line":191,"column":10},"end":{"line":191,"column":54}},{"start":{"line":191,"column":58},"end":{"line":191,"column":74}}]},"25":{"loc":{"start":{"line":199,"column":14},"end":{"line":199,"column":38}},"type":"binary-expr","locations":[{"start":{"line":199,"column":14},"end":{"line":199,"column":25}},{"start":{"line":199,"column":29},"end":{"line":199,"column":38}}]},"26":{"loc":{"start":{"line":26,"column":26},"end":{"line":26,"column":null}},"type":"cond-expr","locations":[{"start":{"line":26,"column":38},"end":{"line":26,"column":null}},{"start":{"line":26,"column":38},"end":{"line":26,"column":null}}]},"27":{"loc":{"start":{"line":26,"column":26},"end":{"line":26,"column":38}},"type":"binary-expr","locations":[{"start":{"line":26,"column":26},"end":{"line":26,"column":null}},{"start":{"line":26,"column":26},"end":{"line":26,"column":38}}]},"28":{"loc":{"start":{"line":26,"column":38},"end":{"line":27,"column":null}},"type":"cond-expr","locations":[{"start":{"line":27,"column":34},"end":{"line":27,"column":null}},{"start":{"line":27,"column":34},"end":{"line":27,"column":null}}]},"29":{"loc":{"start":{"line":26,"column":38},"end":{"line":27,"column":34}},"type":"binary-expr","locations":[{"start":{"line":26,"column":38},"end":{"line":27,"column":null}},{"start":{"line":27,"column":24},"end":{"line":27,"column":34}}]},"30":{"loc":{"start":{"line":27,"column":34},"end":{"line":28,"column":null}},"type":"cond-expr","locations":[{"start":{"line":28,"column":40},"end":{"line":28,"column":null}},{"start":{"line":28,"column":40},"end":{"line":28,"column":null}}]},"31":{"loc":{"start":{"line":27,"column":34},"end":{"line":28,"column":40}},"type":"binary-expr","locations":[{"start":{"line":27,"column":34},"end":{"line":28,"column":null}},{"start":{"line":28,"column":27},"end":{"line":28,"column":40}}]},"32":{"loc":{"start":{"line":28,"column":40},"end":{"line":29,"column":null}},"type":"cond-expr","locations":[{"start":{"line":29,"column":36},"end":{"line":29,"column":null}},{"start":{"line":29,"column":36},"end":{"line":29,"column":null}}]},"33":{"loc":{"start":{"line":28,"column":40},"end":{"line":29,"column":36}},"type":"binary-expr","locations":[{"start":{"line":28,"column":40},"end":{"line":29,"column":null}},{"start":{"line":29,"column":25},"end":{"line":29,"column":36}}]}},"s":{"0":1,"1":1,"2":1,"3":1,"4":1,"5":1,"6":1,"7":1,"8":21,"9":21,"10":21,"11":21,"12":21,"13":21,"14":4,"15":4,"16":1,"17":3,"18":1,"19":2,"20":2,"21":1,"22":1,"23":2,"24":2,"25":1,"26":1,"27":1,"28":1,"29":1,"30":1,"31":2,"32":2,"33":1,"34":1,"35":2,"36":2,"37":1,"38":1,"39":4,"40":4,"41":3,"42":1,"43":2,"44":1,"45":1,"46":2,"47":2,"48":2,"49":2,"50":2,"51":1,"52":1,"53":1,"54":1,"55":1,"56":1,"57":1,"58":1,"59":1,"60":1,"61":1,"62":0,"63":0,"64":3,"65":3,"66":2,"67":1,"68":1,"69":4,"70":4,"71":4,"72":4,"73":4,"74":1,"75":1},"f":{"0":21,"1":4,"2":2,"3":1,"4":2,"5":2,"6":4,"7":2,"8":3,"9":4},"b":{"0":[1,3],"1":[1,2],"2":[1,1],"3":[1,0],"4":[1,0,0],"5":[1,0],"6":[1,1],"7":[1,1],"8":[1,1],"9":[3,1],"10":[4,3],"11":[1,2],"12":[3,2],"13":[1,1],"14":[2,1],"15":[2,0],"16":[2,1],"17":[2,2],"18":[1,1],"19":[2,1],"20":[3,2,2],"21":[4,0],"22":[4,0],"23":[0,0],"24":[4,0],"25":[4,4],"26":[1,0],"27":[1,1],"28":[1,0],"29":[1,1],"30":[1,0],"31":[1,1],"32":[1,0],"33":[1,1]}}
,"D:\\seletivo\\backend\\src\\auth\\dto\\auth-response.dto.ts": {"path":"D:\\seletivo\\backend\\src\\auth\\dto\\auth-response.dto.ts","statementMap":{"0":{"start":{"line":1,"column":0},"end":{"line":1,"column":46}},"1":{"start":{"line":3,"column":0},"end":{"line":3,"column":13}},"2":{"start":{"line":5,"column":2},"end":{"line":5,"column":null}},"3":{"start":{"line":8,"column":2},"end":{"line":8,"column":null}},"4":{"start":{"line":11,"column":2},"end":{"line":11,"column":null}},"5":{"start":{"line":14,"column":2},"end":{"line":14,"column":null}},"6":{"start":{"line":17,"column":0},"end":{"line":17,"column":13}},"7":{"start":{"line":19,"column":2},"end":{"line":19,"column":null}},"8":{"start":{"line":22,"column":2},"end":{"line":22,"column":null}}},"fnMap":{},"branchMap":{},"s":{"0":0,"1":0,"2":0,"3":0,"4":0,"5":0,"6":0,"7":0,"8":0},"f":{},"b":{}}
,"D:\\seletivo\\backend\\src\\auth\\dto\\forgot-password.dto.ts": {"path":"D:\\seletivo\\backend\\src\\auth\\dto\\forgot-password.dto.ts","statementMap":{"0":{"start":{"line":1,"column":0},"end":{"line":1,"column":46}},"1":{"start":{"line":2,"column":0},"end":{"line":2,"column":54}},"2":{"start":{"line":4,"column":0},"end":{"line":4,"column":13}},"3":{"start":{"line":8,"column":2},"end":{"line":8,"column":null}}},"fnMap":{},"branchMap":{},"s":{"0":0,"1":0,"2":0,"3":0},"f":{},"b":{}}
,"D:\\seletivo\\backend\\src\\auth\\dto\\login.dto.ts": {"path":"D:\\seletivo\\backend\\src\\auth\\dto\\login.dto.ts","statementMap":{"0":{"start":{"line":1,"column":0},"end":{"line":1,"column":63}},"1":{"start":{"line":2,"column":0},"end":{"line":2,"column":46}},"2":{"start":{"line":4,"column":0},"end":{"line":4,"column":13}},"3":{"start":{"line":7,"column":2},"end":{"line":7,"column":null}},"4":{"start":{"line":12,"column":2},"end":{"line":12,"column":null}}},"fnMap":{},"branchMap":{},"s":{"0":0,"1":0,"2":0,"3":0,"4":0},"f":{},"b":{}}
,"D:\\seletivo\\backend\\src\\auth\\dto\\register.dto.ts": {"path":"D:\\seletivo\\backend\\src\\auth\\dto\\register.dto.ts","statementMap":{"0":{"start":{"line":1,"column":0},"end":{"line":1,"column":63}},"1":{"start":{"line":2,"column":0},"end":{"line":2,"column":46}},"2":{"start":{"line":4,"column":0},"end":{"line":4,"column":13}},"3":{"start":{"line":8,"column":2},"end":{"line":8,"column":null}},"4":{"start":{"line":12,"column":2},"end":{"line":12,"column":null}},"5":{"start":{"line":17,"column":2},"end":{"line":17,"column":null}}},"fnMap":{},"branchMap":{},"s":{"0":0,"1":0,"2":0,"3":0,"4":0,"5":0},"f":{},"b":{}}
,"D:\\seletivo\\backend\\src\\auth\\dto\\reset-password.dto.ts": {"path":"D:\\seletivo\\backend\\src\\auth\\dto\\reset-password.dto.ts","statementMap":{"0":{"start":{"line":1,"column":0},"end":{"line":1,"column":46}},"1":{"start":{"line":2,"column":0},"end":{"line":2,"column":56}},"2":{"start":{"line":4,"column":0},"end":{"line":4,"column":13}},"3":{"start":{"line":7,"column":2},"end":{"line":7,"column":null}},"4":{"start":{"line":12,"column":2},"end":{"line":12,"column":null}}},"fnMap":{},"branchMap":{},"s":{"0":0,"1":0,"2":0,"3":0,"4":0},"f":{},"b":{}}
,"D:\\seletivo\\backend\\src\\auth\\dto\\update-profile.dto.ts": {"path":"D:\\seletivo\\backend\\src\\auth\\dto\\update-profile.dto.ts","statementMap":{"0":{"start":{"line":1,"column":0},"end":{"line":1,"column":75}},"1":{"start":{"line":2,"column":0},"end":{"line":2,"column":54}},"2":{"start":{"line":4,"column":0},"end":{"line":4,"column":13}},"3":{"start":{"line":9,"column":2},"end":{"line":9,"column":null}},"4":{"start":{"line":14,"column":2},"end":{"line":14,"column":null}},"5":{"start":{"line":20,"column":2},"end":{"line":20,"column":null}},"6":{"start":{"line":28,"column":2},"end":{"line":28,"column":null}}},"fnMap":{},"branchMap":{},"s":{"0":0,"1":0,"2":0,"3":0,"4":0,"5":0,"6":0},"f":{},"b":{}}
,"D:\\seletivo\\backend\\src\\auth\\strategies\\github.strategy.ts": {"path":"D:\\seletivo\\backend\\src\\auth\\strategies\\github.strategy.ts","statementMap":{"0":{"start":{"line":1,"column":0},"end":{"line":1,"column":44}},"1":{"start":{"line":2,"column":0},"end":{"line":2,"column":52}},"2":{"start":{"line":3,"column":0},"end":{"line":3,"column":47}},"3":{"start":{"line":4,"column":0},"end":{"line":4,"column":44}},"4":{"start":{"line":5,"column":0},"end":{"line":5,"column":46}},"5":{"start":{"line":16,"column":7},"end":{"line":54,"column":null}},"6":{"start":{"line":21,"column":21},"end":{"line":21,"column":65}},"7":{"start":{"line":22,"column":25},"end":{"line":22,"column":73}},"8":{"start":{"line":23,"column":23},"end":{"line":25,"column":null}},"9":{"start":{"line":27,"column":22},"end":{"line":27,"column":67}},"10":{"start":{"line":28,"column":4},"end":{"line":33,"column":7}},"11":{"start":{"line":18,"column":12},"end":{"line":18,"column":27}},"12":{"start":{"line":19,"column":12},"end":{"line":19,"column":25}},"13":{"start":{"line":42,"column":4},"end":{"line":52,"column":5}},"14":{"start":{"line":43,"column":21},"end":{"line":48,"column":8}},"15":{"start":{"line":49,"column":6},"end":{"line":49,"column":25}},"16":{"start":{"line":51,"column":6},"end":{"line":51,"column":36}},"17":{"start":{"line":16,"column":13},"end":{"line":16,"column":27}},"18":{"start":{"line":16,"column":13},"end":{"line":54,"column":null}}},"fnMap":{"0":{"name":"(anonymous_2)","decl":{"start":{"line":17,"column":2},"end":{"line":17,"column":null}},"loc":{"start":{"line":19,"column":36},"end":{"line":34,"column":3}}},"1":{"name":"(anonymous_3)","decl":{"start":{"line":36,"column":2},"end":{"line":36,"column":7}},"loc":{"start":{"line":40,"column":53},"end":{"line":53,"column":3}}}},"branchMap":{"0":{"loc":{"start":{"line":29,"column":16},"end":{"line":29,"column":30}},"type":"binary-expr","locations":[{"start":{"line":29,"column":16},"end":{"line":29,"column":24}},{"start":{"line":29,"column":28},"end":{"line":29,"column":30}}]},"1":{"loc":{"start":{"line":30,"column":20},"end":{"line":30,"column":38}},"type":"binary-expr","locations":[{"start":{"line":30,"column":20},"end":{"line":30,"column":32}},{"start":{"line":30,"column":36},"end":{"line":30,"column":38}}]},"2":{"loc":{"start":{"line":46,"column":21},"end":{"line":46,"column":73}},"type":"binary-expr","locations":[{"start":{"line":46,"column":21},"end":{"line":46,"column":40}},{"start":{"line":46,"column":44},"end":{"line":46,"column":60}},{"start":{"line":46,"column":64},"end":{"line":46,"column":73}}]},"3":{"loc":{"start":{"line":18,"column":27},"end":{"line":18,"column":null}},"type":"cond-expr","locations":[{"start":{"line":18,"column":40},"end":{"line":18,"column":null}},{"start":{"line":18,"column":40},"end":{"line":18,"column":null}}]},"4":{"loc":{"start":{"line":18,"column":27},"end":{"line":18,"column":40}},"type":"binary-expr","locations":[{"start":{"line":18,"column":27},"end":{"line":18,"column":null}},{"start":{"line":18,"column":27},"end":{"line":18,"column":40}}]},"5":{"loc":{"start":{"line":18,"column":40},"end":{"line":19,"column":null}},"type":"cond-expr","locations":[{"start":{"line":19,"column":36},"end":{"line":19,"column":null}},{"start":{"line":19,"column":36},"end":{"line":19,"column":null}}]},"6":{"loc":{"start":{"line":18,"column":40},"end":{"line":19,"column":36}},"type":"binary-expr","locations":[{"start":{"line":18,"column":40},"end":{"line":19,"column":null}},{"start":{"line":19,"column":25},"end":{"line":19,"column":36}}]}},"s":{"0":0,"1":0,"2":0,"3":0,"4":0,"5":0,"6":0,"7":0,"8":0,"9":0,"10":0,"11":0,"12":0,"13":0,"14":0,"15":0,"16":0,"17":0,"18":0},"f":{"0":0,"1":0},"b":{"0":[0,0],"1":[0,0],"2":[0,0,0],"3":[0,0],"4":[0,0],"5":[0,0],"6":[0,0]}}
,"D:\\seletivo\\backend\\src\\auth\\strategies\\google.strategy.ts": {"path":"D:\\seletivo\\backend\\src\\auth\\strategies\\google.strategy.ts","statementMap":{"0":{"start":{"line":1,"column":0},"end":{"line":1,"column":44}},"1":{"start":{"line":2,"column":0},"end":{"line":2,"column":52}},"2":{"start":{"line":3,"column":0},"end":{"line":3,"column":47}},"3":{"start":{"line":4,"column":0},"end":{"line":4,"column":51}},"4":{"start":{"line":5,"column":0},"end":{"line":5,"column":46}},"5":{"start":{"line":15,"column":7},"end":{"line":53,"column":null}},"6":{"start":{"line":20,"column":21},"end":{"line":20,"column":65}},"7":{"start":{"line":21,"column":25},"end":{"line":21,"column":73}},"8":{"start":{"line":22,"column":23},"end":{"line":24,"column":null}},"9":{"start":{"line":26,"column":22},"end":{"line":26,"column":67}},"10":{"start":{"line":27,"column":4},"end":{"line":32,"column":7}},"11":{"start":{"line":17,"column":12},"end":{"line":17,"column":27}},"12":{"start":{"line":18,"column":12},"end":{"line":18,"column":25}},"13":{"start":{"line":41,"column":4},"end":{"line":51,"column":5}},"14":{"start":{"line":42,"column":21},"end":{"line":47,"column":8}},"15":{"start":{"line":48,"column":6},"end":{"line":48,"column":25}},"16":{"start":{"line":50,"column":6},"end":{"line":50,"column":36}},"17":{"start":{"line":15,"column":13},"end":{"line":15,"column":27}},"18":{"start":{"line":15,"column":13},"end":{"line":53,"column":null}}},"fnMap":{"0":{"name":"(anonymous_2)","decl":{"start":{"line":16,"column":2},"end":{"line":16,"column":null}},"loc":{"start":{"line":18,"column":36},"end":{"line":33,"column":3}}},"1":{"name":"(anonymous_3)","decl":{"start":{"line":35,"column":2},"end":{"line":35,"column":7}},"loc":{"start":{"line":39,"column":53},"end":{"line":52,"column":3}}}},"branchMap":{"0":{"loc":{"start":{"line":28,"column":16},"end":{"line":28,"column":30}},"type":"binary-expr","locations":[{"start":{"line":28,"column":16},"end":{"line":28,"column":24}},{"start":{"line":28,"column":28},"end":{"line":28,"column":30}}]},"1":{"loc":{"start":{"line":29,"column":20},"end":{"line":29,"column":38}},"type":"binary-expr","locations":[{"start":{"line":29,"column":20},"end":{"line":29,"column":32}},{"start":{"line":29,"column":36},"end":{"line":29,"column":38}}]},"2":{"loc":{"start":{"line":17,"column":27},"end":{"line":17,"column":null}},"type":"cond-expr","locations":[{"start":{"line":17,"column":40},"end":{"line":17,"column":null}},{"start":{"line":17,"column":40},"end":{"line":17,"column":null}}]},"3":{"loc":{"start":{"line":17,"column":27},"end":{"line":17,"column":40}},"type":"binary-expr","locations":[{"start":{"line":17,"column":27},"end":{"line":17,"column":null}},{"start":{"line":17,"column":27},"end":{"line":17,"column":40}}]},"4":{"loc":{"start":{"line":17,"column":40},"end":{"line":18,"column":null}},"type":"cond-expr","locations":[{"start":{"line":18,"column":36},"end":{"line":18,"column":null}},{"start":{"line":18,"column":36},"end":{"line":18,"column":null}}]},"5":{"loc":{"start":{"line":17,"column":40},"end":{"line":18,"column":36}},"type":"binary-expr","locations":[{"start":{"line":17,"column":40},"end":{"line":18,"column":null}},{"start":{"line":18,"column":25},"end":{"line":18,"column":36}}]}},"s":{"0":0,"1":0,"2":0,"3":0,"4":0,"5":0,"6":0,"7":0,"8":0,"9":0,"10":0,"11":0,"12":0,"13":0,"14":0,"15":0,"16":0,"17":0,"18":0},"f":{"0":0,"1":0},"b":{"0":[0,0],"1":[0,0],"2":[0,0],"3":[0,0],"4":[0,0],"5":[0,0]}}
,"D:\\seletivo\\backend\\src\\auth\\strategies\\jwt.strategy.ts": {"path":"D:\\seletivo\\backend\\src\\auth\\strategies\\jwt.strategy.ts","statementMap":{"0":{"start":{"line":1,"column":0},"end":{"line":1,"column":67}},"1":{"start":{"line":2,"column":0},"end":{"line":2,"column":52}},"2":{"start":{"line":3,"column":0},"end":{"line":3,"column":52}},"3":{"start":{"line":4,"column":0},"end":{"line":4,"column":47}},"4":{"start":{"line":5,"column":0},"end":{"line":5,"column":57}},"5":{"start":{"line":14,"column":7},"end":{"line":38,"column":null}},"6":{"start":{"line":19,"column":4},"end":{"line":23,"column":7}},"7":{"start":{"line":16,"column":12},"end":{"line":16,"column":27}},"8":{"start":{"line":17,"column":12},"end":{"line":17,"column":26}},"9":{"start":{"line":27,"column":17},"end":{"line":27,"column":62}},"10":{"start":{"line":28,"column":4},"end":{"line":30,"column":5}},"11":{"start":{"line":29,"column":6},"end":{"line":29,"column":64}},"12":{"start":{"line":32,"column":4},"end":{"line":36,"column":6}},"13":{"start":{"line":14,"column":13},"end":{"line":14,"column":24}},"14":{"start":{"line":14,"column":13},"end":{"line":38,"column":null}}},"fnMap":{"0":{"name":"(anonymous_2)","decl":{"start":{"line":15,"column":2},"end":{"line":15,"column":null}},"loc":{"start":{"line":17,"column":38},"end":{"line":24,"column":3}}},"1":{"name":"(anonymous_3)","decl":{"start":{"line":26,"column":2},"end":{"line":26,"column":7}},"loc":{"start":{"line":26,"column":44},"end":{"line":37,"column":3}}}},"branchMap":{"0":{"loc":{"start":{"line":22,"column":19},"end":{"line":22,"column":78}},"type":"binary-expr","locations":[{"start":{"line":22,"column":19},"end":{"line":22,"column":58}},{"start":{"line":22,"column":62},"end":{"line":22,"column":78}}]},"1":{"loc":{"start":{"line":28,"column":4},"end":{"line":30,"column":5}},"type":"if","locations":[{"start":{"line":28,"column":4},"end":{"line":30,"column":5}},{"start":{},"end":{}}]},"2":{"loc":{"start":{"line":16,"column":27},"end":{"line":16,"column":null}},"type":"cond-expr","locations":[{"start":{"line":16,"column":40},"end":{"line":16,"column":null}},{"start":{"line":16,"column":40},"end":{"line":16,"column":null}}]},"3":{"loc":{"start":{"line":16,"column":27},"end":{"line":16,"column":40}},"type":"binary-expr","locations":[{"start":{"line":16,"column":27},"end":{"line":16,"column":null}},{"start":{"line":16,"column":27},"end":{"line":16,"column":40}}]},"4":{"loc":{"start":{"line":16,"column":40},"end":{"line":17,"column":null}},"type":"cond-expr","locations":[{"start":{"line":17,"column":38},"end":{"line":17,"column":null}},{"start":{"line":17,"column":38},"end":{"line":17,"column":null}}]},"5":{"loc":{"start":{"line":16,"column":40},"end":{"line":17,"column":38}},"type":"binary-expr","locations":[{"start":{"line":16,"column":40},"end":{"line":17,"column":null}},{"start":{"line":17,"column":26},"end":{"line":17,"column":38}}]}},"s":{"0":0,"1":0,"2":0,"3":0,"4":0,"5":0,"6":0,"7":0,"8":0,"9":0,"10":0,"11":0,"12":0,"13":0,"14":0},"f":{"0":0,"1":0},"b":{"0":[0,0],"1":[0,0],"2":[0,0],"3":[0,0],"4":[0,0],"5":[0,0]}}
,"D:\\seletivo\\backend\\src\\boards\\boards.controller.ts": {"path":"D:\\seletivo\\backend\\src\\boards\\boards.controller.ts","statementMap":{"0":{"start":{"line":1,"column":0},"end":{"line":1,"column":null}},"1":{"start":{"line":12,"column":0},"end":{"line":12,"column":71}},"2":{"start":{"line":13,"column":0},"end":{"line":13,"column":49}},"3":{"start":{"line":14,"column":0},"end":{"line":14,"column":54}},"4":{"start":{"line":15,"column":0},"end":{"line":15,"column":56}},"5":{"start":{"line":16,"column":0},"end":{"line":16,"column":56}},"6":{"start":{"line":17,"column":0},"end":{"line":17,"column":74}},"7":{"start":{"line":23,"column":7},"end":{"line":70,"column":null}},"8":{"start":{"line":25,"column":21},"end":{"line":25,"column":36}},"9":{"start":{"line":26,"column":21},"end":{"line":26,"column":35}},"10":{"start":{"line":35,"column":4},"end":{"line":35,"column":62}},"11":{"start":{"line":45,"column":4},"end":{"line":45,"column":71}},"12":{"start":{"line":51,"column":4},"end":{"line":51,"column":52}},"13":{"start":{"line":61,"column":4},"end":{"line":61,"column":56}},"14":{"start":{"line":68,"column":4},"end":{"line":68,"column":51}},"15":{"start":{"line":23,"column":13},"end":{"line":23,"column":29}},"16":{"start":{"line":31,"column":2},"end":{"line":36,"column":null}},"17":{"start":{"line":40,"column":2},"end":{"line":46,"column":null}},"18":{"start":{"line":50,"column":2},"end":{"line":52,"column":null}},"19":{"start":{"line":56,"column":2},"end":{"line":62,"column":null}},"20":{"start":{"line":67,"column":2},"end":{"line":69,"column":null}},"21":{"start":{"line":23,"column":13},"end":{"line":70,"column":null}}},"fnMap":{"0":{"name":"(anonymous_4)","decl":{"start":{"line":24,"column":2},"end":{"line":24,"column":null}},"loc":{"start":{"line":26,"column":47},"end":{"line":27,"column":6}}},"1":{"name":"(anonymous_5)","decl":{"start":{"line":31,"column":2},"end":{"line":31,"column":11}},"loc":{"start":{"line":33,"column":35},"end":{"line":36,"column":3}}},"2":{"name":"(anonymous_6)","decl":{"start":{"line":40,"column":2},"end":{"line":40,"column":12}},"loc":{"start":{"line":43,"column":35},"end":{"line":46,"column":3}}},"3":{"name":"(anonymous_7)","decl":{"start":{"line":50,"column":2},"end":{"line":50,"column":8}},"loc":{"start":{"line":50,"column":69},"end":{"line":52,"column":3}}},"4":{"name":"(anonymous_8)","decl":{"start":{"line":56,"column":2},"end":{"line":56,"column":8}},"loc":{"start":{"line":59,"column":31},"end":{"line":62,"column":3}}},"5":{"name":"(anonymous_9)","decl":{"start":{"line":67,"column":2},"end":{"line":67,"column":8}},"loc":{"start":{"line":67,"column":65},"end":{"line":69,"column":3}}}},"branchMap":{"0":{"loc":{"start":{"line":50,"column":55},"end":{"line":50,"column":null}},"type":"cond-expr","locations":[{"start":{"line":50,"column":69},"end":{"line":50,"column":null}},{"start":{"line":50,"column":69},"end":{"line":50,"column":null}}]},"1":{"loc":{"start":{"line":50,"column":55},"end":{"line":50,"column":69}},"type":"binary-expr","locations":[{"start":{"line":50,"column":55},"end":{"line":50,"column":null}},{"start":{"line":50,"column":55},"end":{"line":50,"column":69}}]},"2":{"loc":{"start":{"line":59,"column":17},"end":{"line":59,"column":null}},"type":"cond-expr","locations":[{"start":{"line":59,"column":31},"end":{"line":59,"column":null}},{"start":{"line":59,"column":31},"end":{"line":59,"column":null}}]},"3":{"loc":{"start":{"line":59,"column":17},"end":{"line":59,"column":31}},"type":"binary-expr","locations":[{"start":{"line":59,"column":17},"end":{"line":59,"column":null}},{"start":{"line":59,"column":17},"end":{"line":59,"column":31}}]},"4":{"loc":{"start":{"line":25,"column":36},"end":{"line":25,"column":null}},"type":"cond-expr","locations":[{"start":{"line":25,"column":49},"end":{"line":25,"column":null}},{"start":{"line":25,"column":49},"end":{"line":25,"column":null}}]},"5":{"loc":{"start":{"line":25,"column":36},"end":{"line":25,"column":49}},"type":"binary-expr","locations":[{"start":{"line":25,"column":36},"end":{"line":25,"column":null}},{"start":{"line":25,"column":36},"end":{"line":25,"column":49}}]},"6":{"loc":{"start":{"line":25,"column":49},"end":{"line":26,"column":null}},"type":"cond-expr","locations":[{"start":{"line":26,"column":47},"end":{"line":26,"column":null}},{"start":{"line":26,"column":47},"end":{"line":26,"column":null}}]},"7":{"loc":{"start":{"line":25,"column":49},"end":{"line":26,"column":47}},"type":"binary-expr","locations":[{"start":{"line":25,"column":49},"end":{"line":26,"column":null}},{"start":{"line":26,"column":35},"end":{"line":26,"column":47}}]}},"s":{"0":0,"1":0,"2":0,"3":0,"4":0,"5":0,"6":0,"7":0,"8":0,"9":0,"10":0,"11":0,"12":0,"13":0,"14":0,"15":0,"16":0,"17":0,"18":0,"19":0,"20":0,"21":0},"f":{"0":0,"1":0,"2":0,"3":0,"4":0,"5":0},"b":{"0":[0,0],"1":[0,0],"2":[0,0],"3":[0,0],"4":[0,0],"5":[0,0],"6":[0,0],"7":[0,0]}}
,"D:\\seletivo\\backend\\src\\boards\\boards.module.ts": {"path":"D:\\seletivo\\backend\\src\\boards\\boards.module.ts","statementMap":{"0":{"start":{"line":1,"column":0},"end":{"line":1,"column":52}},"1":{"start":{"line":2,"column":0},"end":{"line":2,"column":55}},"2":{"start":{"line":3,"column":0},"end":{"line":3,"column":49}},"3":{"start":{"line":4,"column":0},"end":{"line":4,"column":52}},"4":{"start":{"line":12,"column":7},"end":{"line":12,"column":null}},"5":{"start":{"line":12,"column":13},"end":{"line":12,"column":25}},"6":{"start":{"line":12,"column":13},"end":{"line":12,"column":null}},"7":{"start":{"line":7,"column":29},"end":{"line":7,"column":40}}},"fnMap":{"0":{"name":"(anonymous_1)","decl":{"start":{"line":7,"column":23},"end":{"line":7,"column":26}},"loc":{"start":{"line":7,"column":29},"end":{"line":7,"column":40}}}},"branchMap":{},"s":{"0":0,"1":0,"2":0,"3":0,"4":0,"5":0,"6":0,"7":0},"f":{"0":0},"b":{}}
,"D:\\seletivo\\backend\\src\\boards\\boards.service.ts": {"path":"D:\\seletivo\\backend\\src\\boards\\boards.service.ts","statementMap":{"0":{"start":{"line":1,"column":0},"end":{"line":1,"column":71}},"1":{"start":{"line":2,"column":0},"end":{"line":2,"column":57}},"2":{"start":{"line":5,"column":0},"end":{"line":5,"column":76}},"3":{"start":{"line":6,"column":0},"end":{"line":6,"column":57}},"4":{"start":{"line":8,"column":20},"end":{"line":15,"column":11}},"5":{"start":{"line":17,"column":24},"end":{"line":24,"column":11}},"6":{"start":{"line":36,"column":0},"end":{"line":36,"column":54}},"7":{"start":{"line":40,"column":7},"end":{"line":275,"column":null}},"8":{"start":{"line":42,"column":12},"end":{"line":42,"column":20}},"9":{"start":{"line":43,"column":12},"end":{"line":43,"column":27}},"10":{"start":{"line":44,"column":35},"end":{"line":44,"column":54}},"11":{"start":{"line":51,"column":4},"end":{"line":51,"column":69}},"12":{"start":{"line":53,"column":21},"end":{"line":53,"column":50}},"13":{"start":{"line":54,"column":19},"end":{"line":54,"column":73}},"14":{"start":{"line":55,"column":4},"end":{"line":55,"column":30}},"15":{"start":{"line":55,"column":16},"end":{"line":55,"column":30}},"16":{"start":{"line":57,"column":19},"end":{"line":64,"column":6}},"17":{"start":{"line":66,"column":21},"end":{"line":66,"column":58}},"18":{"start":{"line":66,"column":39},"end":{"line":66,"column":57}},"19":{"start":{"line":67,"column":4},"end":{"line":67,"column":59}},"20":{"start":{"line":68,"column":4},"end":{"line":68,"column":20}},"21":{"start":{"line":76,"column":18},"end":{"line":88,"column":6}},"22":{"start":{"line":90,"column":4},"end":{"line":92,"column":5}},"23":{"start":{"line":91,"column":6},"end":{"line":91,"column":58}},"24":{"start":{"line":94,"column":4},"end":{"line":94,"column":34}},"25":{"start":{"line":98,"column":4},"end":{"line":98,"column":73}},"26":{"start":{"line":101,"column":6},"end":{"line":104,"column":9}},"27":{"start":{"line":106,"column":21},"end":{"line":106,"column":43}},"28":{"start":{"line":107,"column":27},"end":{"line":110,"column":6}},"29":{"start":{"line":111,"column":26},"end":{"line":111,"column":59}},"30":{"start":{"line":111,"column":52},"end":{"line":111,"column":58}},"31":{"start":{"line":112,"column":17},"end":{"line":112,"column":58}},"32":{"start":{"line":114,"column":18},"end":{"line":123,"column":6}},"33":{"start":{"line":125,"column":21},"end":{"line":125,"column":43}},"34":{"start":{"line":126,"column":4},"end":{"line":129,"column":7}},"35":{"start":{"line":130,"column":4},"end":{"line":130,"column":67}},"36":{"start":{"line":131,"column":4},"end":{"line":131,"column":20}},"37":{"start":{"line":139,"column":18},"end":{"line":139,"column":55}},"38":{"start":{"line":141,"column":28},"end":{"line":147,"column":6}},"39":{"start":{"line":149,"column":4},"end":{"line":157,"column":5}},"40":{"start":{"line":150,"column":23},"end":{"line":150,"column":45}},"41":{"start":{"line":151,"column":29},"end":{"line":154,"column":8}},"42":{"start":{"line":155,"column":28},"end":{"line":155,"column":61}},"43":{"start":{"line":155,"column":54},"end":{"line":155,"column":60}},"44":{"start":{"line":156,"column":6},"end":{"line":156,"column":66}},"45":{"start":{"line":159,"column":20},"end":{"line":163,"column":6}},"46":{"start":{"line":165,"column":21},"end":{"line":165,"column":45}},"47":{"start":{"line":166,"column":4},"end":{"line":169,"column":7}},"48":{"start":{"line":170,"column":4},"end":{"line":170,"column":69}},"49":{"start":{"line":171,"column":4},"end":{"line":171,"column":20}},"50":{"start":{"line":175,"column":18},"end":{"line":175,"column":55}},"51":{"start":{"line":176,"column":4},"end":{"line":176,"column":54}},"52":{"start":{"line":177,"column":4},"end":{"line":180,"column":7}},"53":{"start":{"line":181,"column":4},"end":{"line":181,"column":69}},"54":{"start":{"line":194,"column":18},"end":{"line":194,"column":60}},"55":{"start":{"line":195,"column":4},"end":{"line":195,"column":17}},"56":{"start":{"line":202,"column":16},"end":{"line":208,"column":6}},"57":{"start":{"line":209,"column":4},"end":{"line":211,"column":5}},"58":{"start":{"line":210,"column":6},"end":{"line":210,"column":78}},"59":{"start":{"line":228,"column":18},"end":{"line":241,"column":6}},"60":{"start":{"line":243,"column":4},"end":{"line":243,"column":68}},"61":{"start":{"line":243,"column":16},"end":{"line":243,"column":68}},"62":{"start":{"line":245,"column":20},"end":{"line":245,"column":55}},"63":{"start":{"line":246,"column":21},"end":{"line":246,"column":57}},"64":{"start":{"line":248,"column":4},"end":{"line":250,"column":5}},"65":{"start":{"line":249,"column":6},"end":{"line":249,"column":75}},"66":{"start":{"line":252,"column":40},"end":{"line":252,"column":45}},"67":{"start":{"line":253,"column":4},"end":{"line":253,"column":16}},"68":{"start":{"line":265,"column":4},"end":{"line":273,"column":6}},"69":{"start":{"line":40,"column":13},"end":{"line":40,"column":26}},"70":{"start":{"line":40,"column":13},"end":{"line":275,"column":null}}},"fnMap":{"0":{"name":"(anonymous_4)","decl":{"start":{"line":41,"column":2},"end":{"line":41,"column":null}},"loc":{"start":{"line":44,"column":54},"end":{"line":45,"column":7}}},"1":{"name":"(anonymous_5)","decl":{"start":{"line":47,"column":2},"end":{"line":47,"column":7}},"loc":{"start":{"line":49,"column":18},"end":{"line":69,"column":3}}},"2":{"name":"(anonymous_6)","decl":{"start":{"line":66,"column":32},"end":{"line":66,"column":33}},"loc":{"start":{"line":66,"column":39},"end":{"line":66,"column":57}}},"3":{"name":"(anonymous_7)","decl":{"start":{"line":71,"column":2},"end":{"line":71,"column":7}},"loc":{"start":{"line":74,"column":18},"end":{"line":95,"column":3}}},"4":{"name":"(anonymous_8)","decl":{"start":{"line":97,"column":2},"end":{"line":97,"column":7}},"loc":{"start":{"line":97,"column":50},"end":{"line":132,"column":3}}},"5":{"name":"(anonymous_9)","decl":{"start":{"line":111,"column":45},"end":{"line":111,"column":46}},"loc":{"start":{"line":111,"column":52},"end":{"line":111,"column":58}}},"6":{"name":"(anonymous_10)","decl":{"start":{"line":134,"column":2},"end":{"line":134,"column":7}},"loc":{"start":{"line":137,"column":23},"end":{"line":172,"column":3}}},"7":{"name":"(anonymous_11)","decl":{"start":{"line":155,"column":47},"end":{"line":155,"column":48}},"loc":{"start":{"line":155,"column":54},"end":{"line":155,"column":60}}},"8":{"name":"(anonymous_12)","decl":{"start":{"line":174,"column":2},"end":{"line":174,"column":7}},"loc":{"start":{"line":174,"column":41},"end":{"line":182,"column":3}}},"9":{"name":"(anonymous_13)","decl":{"start":{"line":184,"column":2},"end":{"line":184,"column":7}},"loc":{"start":{"line":186,"column":18},"end":{"line":196,"column":3}}},"10":{"name":"(anonymous_14)","decl":{"start":{"line":198,"column":10},"end":{"line":198,"column":15}},"loc":{"start":{"line":200,"column":18},"end":{"line":212,"column":3}}},"11":{"name":"(anonymous_15)","decl":{"start":{"line":214,"column":10},"end":{"line":214,"column":15}},"loc":{"start":{"line":216,"column":18},"end":{"line":254,"column":3}}},"12":{"name":"(anonymous_16)","decl":{"start":{"line":256,"column":10},"end":{"line":256,"column":20}},"loc":{"start":{"line":264,"column":3},"end":{"line":274,"column":3}}}},"branchMap":{"0":{"loc":{"start":{"line":55,"column":4},"end":{"line":55,"column":30}},"type":"if","locations":[{"start":{"line":55,"column":4},"end":{"line":55,"column":30}},{"start":{},"end":{}}]},"1":{"loc":{"start":{"line":90,"column":4},"end":{"line":92,"column":5}},"type":"if","locations":[{"start":{"line":90,"column":4},"end":{"line":92,"column":5}},{"start":{},"end":{}}]},"2":{"loc":{"start":{"line":101,"column":6},"end":{"line":104,"column":9}},"type":"binary-expr","locations":[{"start":{"line":101,"column":6},"end":{"line":101,"column":18}},{"start":{"line":102,"column":7},"end":{"line":104,"column":8}}]},"3":{"loc":{"start":{"line":142,"column":10},"end":{"line":142,"column":61}},"type":"binary-expr","locations":[{"start":{"line":142,"column":10},"end":{"line":142,"column":32}},{"start":{"line":142,"column":36},"end":{"line":142,"column":61}}]},"4":{"loc":{"start":{"line":143,"column":10},"end":{"line":145,"column":8}},"type":"binary-expr","locations":[{"start":{"line":143,"column":10},"end":{"line":143,"column":39}},{"start":{"line":143,"column":43},"end":{"line":145,"column":8}}]},"5":{"loc":{"start":{"line":146,"column":10},"end":{"line":146,"column":66}},"type":"binary-expr","locations":[{"start":{"line":146,"column":10},"end":{"line":146,"column":36}},{"start":{"line":146,"column":40},"end":{"line":146,"column":66}}]},"6":{"loc":{"start":{"line":149,"column":4},"end":{"line":157,"column":5}},"type":"if","locations":[{"start":{"line":149,"column":4},"end":{"line":157,"column":5}},{"start":{},"end":{}}]},"7":{"loc":{"start":{"line":209,"column":4},"end":{"line":211,"column":5}},"type":"if","locations":[{"start":{"line":209,"column":4},"end":{"line":211,"column":5}},{"start":{},"end":{}}]},"8":{"loc":{"start":{"line":243,"column":4},"end":{"line":243,"column":68}},"type":"if","locations":[{"start":{"line":243,"column":4},"end":{"line":243,"column":68}},{"start":{},"end":{}}]},"9":{"loc":{"start":{"line":248,"column":4},"end":{"line":250,"column":5}},"type":"if","locations":[{"start":{"line":248,"column":4},"end":{"line":250,"column":5}},{"start":{},"end":{}}]},"10":{"loc":{"start":{"line":248,"column":8},"end":{"line":248,"column":29}},"type":"binary-expr","locations":[{"start":{"line":248,"column":8},"end":{"line":248,"column":16}},{"start":{"line":248,"column":20},"end":{"line":248,"column":29}}]},"11":{"loc":{"start":{"line":269,"column":19},"end":{"line":269,"column":45}},"type":"binary-expr","locations":[{"start":{"line":269,"column":19},"end":{"line":269,"column":32}},{"start":{"line":269,"column":36},"end":{"line":269,"column":45}}]},"12":{"loc":{"start":{"line":272,"column":10},"end":{"line":272,"column":73}},"type":"binary-expr","locations":[{"start":{"line":272,"column":10},"end":{"line":272,"column":39}},{"start":{"line":272,"column":43},"end":{"line":272,"column":73}}]},"13":{"loc":{"start":{"line":42,"column":20},"end":{"line":42,"column":null}},"type":"cond-expr","locations":[{"start":{"line":42,"column":33},"end":{"line":42,"column":null}},{"start":{"line":42,"column":33},"end":{"line":42,"column":null}}]},"14":{"loc":{"start":{"line":42,"column":20},"end":{"line":42,"column":33}},"type":"binary-expr","locations":[{"start":{"line":42,"column":20},"end":{"line":42,"column":null}},{"start":{"line":42,"column":20},"end":{"line":42,"column":33}}]},"15":{"loc":{"start":{"line":42,"column":33},"end":{"line":43,"column":null}},"type":"cond-expr","locations":[{"start":{"line":43,"column":40},"end":{"line":43,"column":null}},{"start":{"line":43,"column":40},"end":{"line":43,"column":null}}]},"16":{"loc":{"start":{"line":42,"column":33},"end":{"line":43,"column":40}},"type":"binary-expr","locations":[{"start":{"line":42,"column":33},"end":{"line":43,"column":null}},{"start":{"line":43,"column":27},"end":{"line":43,"column":40}}]}},"s":{"0":2,"1":2,"2":2,"3":2,"4":2,"5":2,"6":2,"7":2,"8":10,"9":10,"10":10,"11":3,"12":2,"13":2,"14":2,"15":1,"16":1,"17":1,"18":1,"19":1,"20":1,"21":0,"22":0,"23":0,"24":0,"25":2,"26":1,"27":1,"28":1,"29":1,"30":0,"31":1,"32":1,"33":1,"34":1,"35":1,"36":1,"37":2,"38":1,"39":1,"40":1,"41":1,"42":1,"43":0,"44":1,"45":1,"46":1,"47":1,"48":1,"49":1,"50":2,"51":1,"52":1,"53":1,"54":0,"55":0,"56":5,"57":5,"58":2,"59":4,"60":4,"61":2,"62":2,"63":2,"64":2,"65":0,"66":2,"67":2,"68":3,"69":2,"70":2},"f":{"0":10,"1":3,"2":1,"3":0,"4":2,"5":0,"6":2,"7":0,"8":2,"9":0,"10":5,"11":4,"12":3},"b":{"0":[1,1],"1":[0,0],"2":[1,1],"3":[1,1],"4":[1,0],"5":[1,0],"6":[1,0],"7":[2,3],"8":[2,2],"9":[0,2],"10":[2,0],"11":[3,3],"12":[3,1],"13":[2,0],"14":[2,2],"15":[2,0],"16":[2,2]}}
,"D:\\seletivo\\backend\\src\\boards\\dto\\create-board.dto.ts": {"path":"D:\\seletivo\\backend\\src\\boards\\dto\\create-board.dto.ts","statementMap":{"0":{"start":{"line":1,"column":0},"end":{"line":1,"column":89}},"1":{"start":{"line":2,"column":0},"end":{"line":2,"column":67}},"2":{"start":{"line":3,"column":0},"end":{"line":3,"column":41}},"3":{"start":{"line":5,"column":0},"end":{"line":5,"column":13}},"4":{"start":{"line":10,"column":2},"end":{"line":10,"column":null}},"5":{"start":{"line":16,"column":2},"end":{"line":16,"column":null}},"6":{"start":{"line":20,"column":2},"end":{"line":20,"column":null}},"7":{"start":{"line":27,"column":2},"end":{"line":27,"column":null}},"8":{"start":{"line":24,"column":14},"end":{"line":24,"column":20}}},"fnMap":{"0":{"name":"(anonymous_2)","decl":{"start":{"line":24,"column":8},"end":{"line":24,"column":11}},"loc":{"start":{"line":24,"column":14},"end":{"line":24,"column":20}}}},"branchMap":{},"s":{"0":0,"1":0,"2":0,"3":0,"4":0,"5":0,"6":0,"7":0,"8":0},"f":{"0":0},"b":{}}
,"D:\\seletivo\\backend\\src\\boards\\dto\\update-board.dto.ts": {"path":"D:\\seletivo\\backend\\src\\boards\\dto\\update-board.dto.ts","statementMap":{"0":{"start":{"line":1,"column":0},"end":{"line":1,"column":56}},"1":{"start":{"line":2,"column":0},"end":{"line":2,"column":52}},"2":{"start":{"line":4,"column":0},"end":{"line":4,"column":13}}},"fnMap":{},"branchMap":{},"s":{"0":0,"1":0,"2":0},"f":{},"b":{}}
,"D:\\seletivo\\backend\\src\\cards\\cards.controller.ts": {"path":"D:\\seletivo\\backend\\src\\cards\\cards.controller.ts","statementMap":{"0":{"start":{"line":1,"column":0},"end":{"line":1,"column":null}},"1":{"start":{"line":16,"column":0},"end":{"line":16,"column":71}},"2":{"start":{"line":17,"column":0},"end":{"line":17,"column":47}},"3":{"start":{"line":18,"column":0},"end":{"line":18,"column":54}},"4":{"start":{"line":19,"column":0},"end":{"line":19,"column":54}},"5":{"start":{"line":20,"column":0},"end":{"line":20,"column":50}},"6":{"start":{"line":21,"column":0},"end":{"line":21,"column":74}},"7":{"start":{"line":27,"column":28},"end":{"line":113,"column":null}},"8":{"start":{"line":28,"column":28},"end":{"line":28,"column":60}},"9":{"start":{"line":30,"column":31},"end":{"line":30,"column":45}},"10":{"start":{"line":40,"column":4},"end":{"line":42,"column":5}},"11":{"start":{"line":41,"column":6},"end":{"line":41,"column":67}},"12":{"start":{"line":43,"column":4},"end":{"line":43,"column":73}},"13":{"start":{"line":49,"column":4},"end":{"line":49,"column":51}},"14":{"start":{"line":55,"column":4},"end":{"line":55,"column":63}},"15":{"start":{"line":56,"column":4},"end":{"line":56,"column":51}},"16":{"start":{"line":66,"column":4},"end":{"line":66,"column":55}},"17":{"start":{"line":76,"column":4},"end":{"line":76,"column":53}},"18":{"start":{"line":83,"column":4},"end":{"line":83,"column":58}},"19":{"start":{"line":93,"column":4},"end":{"line":93,"column":69}},"20":{"start":{"line":104,"column":4},"end":{"line":104,"column":68}},"21":{"start":{"line":111,"column":4},"end":{"line":111,"column":50}},"22":{"start":{"line":27,"column":13},"end":{"line":27,"column":28}},"23":{"start":{"line":36,"column":2},"end":{"line":44,"column":null}},"24":{"start":{"line":48,"column":2},"end":{"line":50,"column":null}},"25":{"start":{"line":54,"column":2},"end":{"line":57,"column":null}},"26":{"start":{"line":61,"column":2},"end":{"line":67,"column":null}},"27":{"start":{"line":71,"column":2},"end":{"line":77,"column":null}},"28":{"start":{"line":82,"column":2},"end":{"line":84,"column":null}},"29":{"start":{"line":88,"column":2},"end":{"line":94,"column":null}},"30":{"start":{"line":99,"column":2},"end":{"line":105,"column":null}},"31":{"start":{"line":110,"column":2},"end":{"line":112,"column":null}},"32":{"start":{"line":27,"column":13},"end":{"line":113,"column":null}}},"fnMap":{"0":{"name":"(anonymous_4)","decl":{"start":{"line":30,"column":2},"end":{"line":30,"column":31}},"loc":{"start":{"line":30,"column":57},"end":{"line":30,"column":62}}},"1":{"name":"(anonymous_5)","decl":{"start":{"line":36,"column":2},"end":{"line":36,"column":18}},"loc":{"start":{"line":38,"column":35},"end":{"line":44,"column":3}}},"2":{"name":"(anonymous_6)","decl":{"start":{"line":48,"column":2},"end":{"line":48,"column":9}},"loc":{"start":{"line":48,"column":66},"end":{"line":50,"column":3}}},"3":{"name":"(anonymous_7)","decl":{"start":{"line":54,"column":2},"end":{"line":54,"column":8}},"loc":{"start":{"line":54,"column":68},"end":{"line":57,"column":3}}},"4":{"name":"(anonymous_8)","decl":{"start":{"line":61,"column":2},"end":{"line":61,"column":8}},"loc":{"start":{"line":64,"column":30},"end":{"line":67,"column":3}}},"5":{"name":"(anonymous_9)","decl":{"start":{"line":71,"column":2},"end":{"line":71,"column":6}},"loc":{"start":{"line":74,"column":28},"end":{"line":77,"column":3}}},"6":{"name":"(anonymous_10)","decl":{"start":{"line":82,"column":2},"end":{"line":82,"column":12}},"loc":{"start":{"line":82,"column":69},"end":{"line":84,"column":3}}},"7":{"name":"(anonymous_11)","decl":{"start":{"line":88,"column":2},"end":{"line":88,"column":11}},"loc":{"start":{"line":91,"column":35},"end":{"line":94,"column":3}}},"8":{"name":"(anonymous_12)","decl":{"start":{"line":99,"column":2},"end":{"line":99,"column":14}},"loc":{"start":{"line":102,"column":35},"end":{"line":105,"column":3}}},"9":{"name":"(anonymous_13)","decl":{"start":{"line":110,"column":2},"end":{"line":110,"column":8}},"loc":{"start":{"line":110,"column":65},"end":{"line":112,"column":3}}}},"branchMap":{"0":{"loc":{"start":{"line":40,"column":4},"end":{"line":42,"column":5}},"type":"if","locations":[{"start":{"line":40,"column":4},"end":{"line":42,"column":5}},{"start":{},"end":{}}]},"1":{"loc":{"start":{"line":54,"column":55},"end":{"line":54,"column":null}},"type":"cond-expr","locations":[{"start":{"line":54,"column":68},"end":{"line":54,"column":null}},{"start":{"line":54,"column":68},"end":{"line":54,"column":null}}]},"2":{"loc":{"start":{"line":54,"column":55},"end":{"line":54,"column":68}},"type":"binary-expr","locations":[{"start":{"line":54,"column":55},"end":{"line":54,"column":null}},{"start":{"line":54,"column":55},"end":{"line":54,"column":68}}]},"3":{"loc":{"start":{"line":64,"column":17},"end":{"line":64,"column":null}},"type":"cond-expr","locations":[{"start":{"line":64,"column":30},"end":{"line":64,"column":null}},{"start":{"line":64,"column":30},"end":{"line":64,"column":null}}]},"4":{"loc":{"start":{"line":64,"column":17},"end":{"line":64,
[...]
s":[{"start":{"line":179,"column":22},"end":{"line":179,"column":47}},{"start":{"line":179,"column":51},"end":{"line":179,"column":52}}]},"6":{"loc":{"start":{"line":180,"column":24},"end":{"line":180,"column":58}},"type":"binary-expr","locations":[{"start":{"line":180,"column":24},"end":{"line":180,"column":53}},{"start":{"line":180,"column":57},"end":{"line":180,"column":58}}]},"7":{"loc":{"start":{"line":197,"column":18},"end":{"line":197,"column":41}},"type":"binary-expr","locations":[{"start":{"line":197,"column":18},"end":{"line":197,"column":36}},{"start":{"line":197,"column":40},"end":{"line":197,"column":41}}]},"8":{"loc":{"start":{"line":217,"column":18},"end":{"line":217,"column":41}},"type":"binary-expr","locations":[{"start":{"line":217,"column":18},"end":{"line":217,"column":36}},{"start":{"line":217,"column":40},"end":{"line":217,"column":41}}]},"9":{"loc":{"start":{"line":226,"column":18},"end":{"line":226,"column":39}},"type":"binary-expr","locations":[{"start":{"line":226,"column":18},"end":{"line":226,"column":34}},{"start":{"line":226,"column":38},"end":{"line":226,"column":39}}]},"10":{"loc":{"start":{"line":268,"column":14},"end":{"line":268,"column":54}},"type":"binary-expr","locations":[{"start":{"line":268,"column":14},"end":{"line":268,"column":42}},{"start":{"line":268,"column":46},"end":{"line":268,"column":54}}]},"11":{"loc":{"start":{"line":271,"column":17},"end":{"line":271,"column":42}},"type":"binary-expr","locations":[{"start":{"line":271,"column":17},"end":{"line":271,"column":29}},{"start":{"line":271,"column":33},"end":{"line":271,"column":42}}]},"12":{"loc":{"start":{"line":12,"column":39},"end":{"line":12,"column":55}},"type":"cond-expr","locations":[{"start":{"line":12,"column":52},"end":{"line":12,"column":55}},{"start":{"line":12,"column":52},"end":{"line":12,"column":55}}]},"13":{"loc":{"start":{"line":12,"column":39},"end":{"line":12,"column":52}},"type":"binary-expr","locations":[{"start":{"line":12,"column":39},"end":{"line":12,"column":55}},{"start":{"line":12,"column":39},"end":{"line":12,"column":52}}]}},"s":{"0":0,"1":0,"2":0,"3":0,"4":0,"5":0,"6":0,"7":0,"8":0,"9":0,"10":0,"11":0,"12":0,"13":0,"14":0,"15":0,"16":0,"17":0,"18":0,"19":0,"20":0,"21":0,"22":0,"23":0,"24":0,"25":0,"26":0,"27":0,"28":0,"29":0,"30":0,"31":0,"32":0,"33":0,"34":0,"35":0,"36":0,"37":0,"38":0,"39":0,"40":0,"41":0,"42":0,"43":0,"44":0,"45":0,"46":0,"47":0,"48":0,"49":0,"50":0,"51":0,"52":0,"53":0,"54":0,"55":0,"56":0,"57":0,"58":0,"59":0,"60":0,"61":0,"62":0,"63":0},"f":{"0":0,"1":0,"2":0,"3":0,"4":0,"5":0,"6":0,"7":0,"8":0,"9":0,"10":0,"11":0,"12":0,"13":0,"14":0,"15":0,"16":0,"17":0,"18":0,"19":0,"20":0,"21":0,"22":0,"23":0,"24":0},"b":{"0":[0,0],"1":[0,0],"2":[0,0],"3":[0,0],"4":[0,0],"5":[0,0],"6":[0,0],"7":[0,0],"8":[0,0],"9":[0,0],"10":[0,0],"11":[0,0],"12":[0,0],"13":[0,0]}}
,"D:\\seletivo\\backend\\src\\metrics\\dto\\metrics-response.dto.ts": {"path":"D:\\seletivo\\backend\\src\\metrics\\dto\\metrics-response.dto.ts","statementMap":{"0":{"start":{"line":1,"column":0},"end":{"line":1,"column":13}},"1":{"start":{"line":23,"column":0},"end":{"line":23,"column":13}},"2":{"start":{"line":31,"column":0},"end":{"line":31,"column":13}},"3":{"start":{"line":37,"column":0},"end":{"line":37,"column":13}}},"fnMap":{},"branchMap":{},"s":{"0":0,"1":0,"2":0,"3":0},"f":{},"b":{}}
,"D:\\seletivo\\backend\\src\\prisma\\prisma.module.ts": {"path":"D:\\seletivo\\backend\\src\\prisma\\prisma.module.ts","statementMap":{"0":{"start":{"line":1,"column":0},"end":{"line":1,"column":48}},"1":{"start":{"line":2,"column":0},"end":{"line":2,"column":49}},"2":{"start":{"line":9,"column":7},"end":{"line":9,"column":null}},"3":{"start":{"line":9,"column":13},"end":{"line":9,"column":25}},"4":{"start":{"line":9,"column":13},"end":{"line":9,"column":null}}},"fnMap":{},"branchMap":{},"s":{"0":0,"1":0,"2":0,"3":0,"4":0},"f":{},"b":{}}
,"D:\\seletivo\\backend\\src\\prisma\\prisma.service.ts": {"path":"D:\\seletivo\\backend\\src\\prisma\\prisma.service.ts","statementMap":{"0":{"start":{"line":1,"column":0},"end":{"line":1,"column":75}},"1":{"start":{"line":2,"column":0},"end":{"line":2,"column":46}},"2":{"start":{"line":5,"column":7},"end":{"line":16,"column":null}},"3":{"start":{"line":10,"column":4},"end":{"line":10,"column":26}},"4":{"start":{"line":14,"column":4},"end":{"line":14,"column":29}},"5":{"start":{"line":5,"column":13},"end":{"line":5,"column":26}},"6":{"start":{"line":5,"column":13},"end":{"line":16,"column":null}}},"fnMap":{"0":{"name":"(anonymous_1)","decl":{"start":{"line":9,"column":2},"end":{"line":9,"column":7}},"loc":{"start":{"line":9,"column":20},"end":{"line":11,"column":3}}},"1":{"name":"(anonymous_2)","decl":{"start":{"line":13,"column":2},"end":{"line":13,"column":7}},"loc":{"start":{"line":13,"column":23},"end":{"line":15,"column":3}}}},"branchMap":{},"s":{"0":10,"1":10,"2":10,"3":0,"4":0,"5":10,"6":10},"f":{"0":0,"1":0},"b":{}}
,"D:\\seletivo\\backend\\src\\services\\mail.service.ts": {"path":"D:\\seletivo\\backend\\src\\services\\mail.service.ts","statementMap":{"0":{"start":{"line":1,"column":0},"end":{"line":1,"column":52}},"1":{"start":{"line":2,"column":0},"end":{"line":2,"column":47}},"2":{"start":{"line":3,"column":0},"end":{"line":3,"column":32}},"3":{"start":{"line":6,"column":24},"end":{"line":180,"column":null}},"4":{"start":{"line":7,"column":28},"end":{"line":7,"column":56}},"5":{"start":{"line":10,"column":22},"end":{"line":10,"column":37}},"6":{"start":{"line":11,"column":19},"end":{"line":11,"column":67}},"7":{"start":{"line":12,"column":4},"end":{"line":14,"column":5}},"8":{"start":{"line":13,"column":6},"end":{"line":13,"column":56}},"9":{"start":{"line":15,"column":4},"end":{"line":15,"column":37}},"10":{"start":{"line":19,"column":24},"end":{"line":21,"column":null}},"11":{"start":{"line":23,"column":22},"end":{"line":23,"column":68}},"12":{"start":{"line":25,"column":24},"end":{"line":69,"column":6}},"13":{"start":{"line":71,"column":4},"end":{"line":90,"column":5}},"14":{"start":{"line":72,"column":6},"end":{"line":72,"column":64}},"15":{"start":{"line":73,"column":30},"end":{"line":79,"column":8}},"16":{"start":{"line":81,"column":6},"end":{"line":84,"column":7}},"17":{"start":{"line":82,"column":8},"end":{"line":82,"column":72}},"18":{"start":{"line":83,"column":8},"end":{"line":83,"column":39}},"19":{"start":{"line":86,"column":6},"end":{"line":86,"column":81}},"20":{"start":{"line":88,"column":6},"end":{"line":88,"column":81}},"21":{"start":{"line":89,"column":6},"end":{"line":89,"column":18}},"22":{"start":{"line":99,"column":24},"end":{"line":101,"column":null}},"23":{"start":{"line":103,"column":21},"end":{"line":103,"column":57}},"24":{"start":{"line":105,"column":24},"end":{"line":157,"column":6}},"25":{"start":{"line":159,"column":4},"end":{"line":178,"column":5}},"26":{"start":{"line":160,"column":6},"end":{"line":160,"column":56}},"27":{"start":{"line":161,"column":30},"end":{"line":167,"column":8}},"28":{"start":{"line":169,"column":6},"end":{"line":172,"column":7}},"29":{"start":{"line":170,"column":8},"end":{"line":170,"column":64}},"30":{"start":{"line":171,"column":8},"end":{"line":171,"column":39}},"31":{"start":{"line":174,"column":6},"end":{"line":174,"column":73}},"32":{"start":{"line":176,"column":6},"end":{"line":176,"column":73}},"33":{"start":{"line":177,"column":6},"end":{"line":177,"column":18}},"34":{"start":{"line":6,"column":13},"end":{"line":6,"column":24}},"35":{"start":{"line":6,"column":13},"end":{"line":180,"column":null}}},"fnMap":{"0":{"name":"(anonymous_2)","decl":{"start":{"line":10,"column":2},"end":{"line":10,"column":22}},"loc":{"start":{"line":10,"column":50},"end":{"line":16,"column":3}}},"1":{"name":"(anonymous_3)","decl":{"start":{"line":18,"column":2},"end":{"line":18,"column":7}},"loc":{"start":{"line":18,"column":56},"end":{"line":91,"column":3}}},"2":{"name":"(anonymous_4)","decl":{"start":{"line":93,"column":2},"end":{"line":93,"column":7}},"loc":{"start":{"line":97,"column":23},"end":{"line":179,"column":3}}}},"branchMap":{"0":{"loc":{"start":{"line":12,"column":4},"end":{"line":14,"column":5}},"type":"if","locations":[{"start":{"line":12,"column":4},"end":{"line":14,"column":5}},{"start":{},"end":{}}]},"1":{"loc":{"start":{"line":81,"column":6},"end":{"line":84,"column":7}},"type":"if","locations":[{"start":{"line":81,"column":6},"end":{"line":84,"column":7}},{"start":{},"end":{}}]},"2":{"loc":{"start":{"line":169,"column":6},"end":{"line":172,"column":7}},"type":"if","locations":[{"start":{"line":169,"column":6},"end":{"line":172,"column":7}},{"start":{},"end":{}}]},"3":{"loc":{"start":{"line":10,"column":37},"end":{"line":10,"column":null}},"type":"cond-expr","locations":[{"start":{"line":10,"column":50},"end":{"line":10,"column":null}},{"start":{"line":10,"column":50},"end":{"line":10,"column":null}}]},"4":{"loc":{"start":{"line":10,"column":37},"end":{"line":10,"column":50}},"type":"binary-expr","locations":[{"start":{"line":10,"column":37},"end":{"line":10,"column":null}},{"start":{"line":10,"column":37},"end":{"line":10,"column":50}}]}},"s":{"0":2,"1":2,"2":2,"3":2,"4":0,"5":0,"6":0,"7":0,"8":0,"9":0,"10":0,"11":0,"12":0,"13":0,"14":0,"15":0,"16":0,"17":0,"18":0,"19":0,"20":0,"21":0,"22":0,"23":0,"24":0,"25":0,"26":0,"27":0,"28":0,"29":0,"30":0,"31":0,"32":0,"33":0,"34":2,"35":2},"f":{"0":0,"1":0,"2":0},"b":{"0":[0,0],"1":[0,0],"2":[0,0],"3":[2,0],"4":[2,2]}}
,"D:\\seletivo\\backend\\src\\types\\passport.d.ts": {"path":"D:\\seletivo\\backend\\src\\types\\passport.d.ts","statementMap":{},"fnMap":{},"branchMap":{},"s":{},"f":{},"b":{}}
,"D:\\seletivo\\backend\\src\\users\\users.module.ts": {"path":"D:\\seletivo\\backend\\src\\users\\users.module.ts","statementMap":{"0":{"start":{"line":1,"column":0},"end":{"line":1,"column":40}},"1":{"start":{"line":2,"column":0},"end":{"line":2,"column":47}},"2":{"start":{"line":8,"column":7},"end":{"line":8,"column":null}},"3":{"start":{"line":8,"column":13},"end":{"line":8,"column":24}},"4":{"start":{"line":8,"column":13},"end":{"line":8,"column":null}}},"fnMap":{},"branchMap":{},"s":{"0":0,"1":0,"2":0,"3":0,"4":0},"f":{},"b":{}}
,"D:\\seletivo\\backend\\src\\users\\users.service.ts": {"path":"D:\\seletivo\\backend\\src\\users\\users.service.ts","statementMap":{"0":{"start":{"line":1,"column":0},"end":{"line":1,"column":null}},"1":{"start":{"line":6,"column":0},"end":{"line":6,"column":57}},"2":{"start":{"line":39,"column":7},"end":{"line":247,"column":null}},"3":{"start":{"line":40,"column":22},"end":{"line":40,"column":30}},"4":{"start":{"line":43,"column":4},"end":{"line":52,"column":7}},"5":{"start":{"line":59,"column":4},"end":{"line":67,"column":7}},"6":{"start":{"line":77,"column":28},"end":{"line":77,"column":52}},"7":{"start":{"line":78,"column":17},"end":{"line":78,"column":74}},"8":{"start":{"line":79,"column":4},"end":{"line":81,"column":5}},"9":{"start":{"line":80,"column":6},"end":{"line":80,"column":18}},"10":{"start":{"line":82,"column":28},"end":{"line":92,"column":6}},"11":{"start":{"line":93,"column":4},"end":{"line":108,"column":5}},"12":{"start":{"line":94,"column":6},"end":{"line":101,"column":9}},"13":{"start":{"line":102,"column":6},"end":{"line":107,"column":8}},"14":{"start":{"line":109,"column":20},"end":{"line":123,"column":6}},"15":{"start":{"line":124,"column":4},"end":{"line":124,"column":19}},"16":{"start":{"line":128,"column":4},"end":{"line":136,"column":7}},"17":{"start":{"line":140,"column":18},"end":{"line":140,"column":42}},"18":{"start":{"line":141,"column":21},"end":{"line":141,"column":50}},"19":{"start":{"line":142,"column":4},"end":{"line":144,"column":5}},"20":{"start":{"line":143,"column":6},"end":{"line":143,"column":63}},"21":{"start":{"line":145,"column":17},"end":{"line":160,"column":6}},"22":{"start":{"line":161,"column":4},"end":{"line":161,"column":16}},"23":{"start":{"line":168,"column":20},"end":{"line":168,"column":47}},"24":{"start":{"line":169,"column":4},"end":{"line":171,"column":5}},"25":{"start":{"line":170,"column":6},"end":{"line":170,"column":60}},"26":{"start":{"line":173,"column":6},"end":{"line":173,"column":8}},"27":{"start":{"line":174,"column":4},"end":{"line":176,"column":5}},"28":{"start":{"line":175,"column":6},"end":{"line":175,"column":41}},"29":{"start":{"line":177,"column":4},"end":{"line":186,"column":5}},"30":{"start":{"line":178,"column":20},"end":{"line":178,"column":44}},"31":{"start":{"line":179,"column":6},"end":{"line":185,"column":7}},"32":{"start":{"line":180,"column":25},"end":{"line":180,"column":54}},"33":{"start":{"line":181,"column":8},"end":{"line":183,"column":9}},"34":{"start":{"line":182,"column":10},"end":{"line":182,"column":67}},"35":{"start":{"line":184,"column":8},"end":{"line":184,"column":33}},"36":{"start":{"line":187,"column":4},"end":{"line":189,"column":5}},"37":{"start":{"line":188,"column":6},"end":{"line":188,"column":50}},"38":{"start":{"line":190,"column":4},"end":{"line":192,"column":5}},"39":{"start":{"line":191,"column":6},"end":{"line":191,"column":21}},"40":{"start":{"line":193,"column":17},"end":{"line":202,"column":6}},"41":{"start":{"line":203,"column":4},"end":{"line":203,"column":16}},"42":{"start":{"line":211,"column":4},"end":{"line":217,"column":7}},"43":{"start":{"line":221,"column":4},"end":{"line":231,"column":45}},"44":{"start":{"line":238,"column":4},"end":{"line":245,"column":7}},"45":{"start":{"line":39,"column":13},"end":{"line":39,"column":25}},"46":{"start":{"line":39,"column":13},"end":{"line":247,"column":null}}},"fnMap":{"0":{"name":"(anonymous_2)","decl":{"start":{"line":40,"column":2},"end":{"line":40,"column":22}},"loc":{"start":{"line":40,"column":43},"end":{"line":40,"column":47}}},"1":{"name":"(anonymous_3)","decl":{"start":{"line":42,"column":2},"end":{"line":42,"column":7}},"loc":{"start":{"line":42,"column":33},"end":{"line":53,"column":3}}},"2":{"name":"(anonymous_4)","decl":{"start":{"line":55,"column":2},"end":{"line":55,"column":7}},"loc":{"start":{"line":57,"column":22},"end":{"line":68,"column":3}}},"3":{"name":"(anonymous_5)","decl":{"start":{"line":70,"column":2},"end":{"line":70,"column":7}},"loc":{"start":{"line":76,"column":3},"end":{"line":125,"column":3}}},"4":{"name":"(anonymous_6)","decl":{"start":{"line":127,"column":2},"end":{"line":127,"column":7}},"loc":{"start":{"line":127,"column":27},"end":{"line":137,"column":3}}},"5":{"name":"(anonymous_7)","decl":{"start":{"line":139,"column":2},"end":{"line":139,"column":7}},"loc":{"start":{"line":139,"column":35},"end":{"line":162,"column":3}}},"6":{"name":"(anonymous_8)","decl":{"start":{"line":164,"column":2},"end":{"line":164,"column":7}},"loc":{"start":{"line":166,"column":27},"end":{"line":204,"column":3}}},"7":{"name":"(anonymous_9)","decl":{"start":{"line":206,"column":2},"end":{"line":206,"column":7}},"loc":{"start":{"line":209,"column":17},"end":{"line":218,"column":3}}},"8":{"name":"(anonymous_10)","decl":{"start":{"line":220,"column":2},"end":{"line":220,"column":7}},"loc":{"start":{"line":220,"column":38},"end":{"line":232,"column":3}}},"9":{"name":"(anonymous_11)","decl":{"start":{"line":234,"column":2},"end":{"line":234,"column":7}},"loc":{"start":{"line":236,"column":24},"end":{"line":246,"column":3}}}},"branchMap":{"0":{"loc":{"start":{"line":79,"column":4},"end":{"line":81,"column":5}},"type":"if","locations":[{"start":{"line":79,"column":4},"end":{"line":81,"column":5}},{"start":{},"end":{}}]},"1":{"loc":{"start":{"line":93,"column":4},"end":{"line":108,"column":5}},"type":"if","locations":[{"start":{"line":93,"column":4},"end":{"line":108,"column":5}},{"start":{},"end":{}}]},"2":{"loc":{"start":{"line":99,"column":14},"end":{"line":99,"column":52}},"type":"binary-expr","locations":[{"start":{"line":99,"column":14},"end":{"line":99,"column":25}},{"start":{"line":99,"column":29},"end":{"line":99,"column":52}}]},"3":{"loc":{"start":{"line":106,"column":16},"end":{"line":106,"column":61}},"type":"binary-expr","locations":[{"start":{"line":106,"column":16},"end":{"line":106,"column":27}},{"start":{"line":106,"column":31},"end":{"line":106,"column":53}},{"start":{"line":106,"column":57},"end":{"line":106,"column":61}}]},"4":{"loc":{"start":{"line":115,"column":16},"end":{"line":115,"column":40}},"type":"binary-expr","locations":[{"start":{"line":115,"column":16},"end":{"line":115,"column":27}},{"start":{"line":115,"column":31},"end":{"line":115,"column":40}}]},"5":{"loc":{"start":{"line":142,"column":4},"end":{"line":144,"column":5}},"type":"if","locations":[{"start":{"line":142,"column":4},"end":{"line":144,"column":5}},{"start":{},"end":{}}]},"6":{"loc":{"start":{"line":149,"column":12},"end":{"line":149,"column":76}},"type":"binary-expr","locations":[{"start":{"line":149,"column":12},"end":{"line":149,"column":37}},{"start":{"line":149,"column":41},"end":{"line":149,"column":76}}]},"7":{"loc":{"start":{"line":150,"column":12},"end":{"line":150,"column":58}},"type":"binary-expr","locations":[{"start":{"line":150,"column":12},"end":{"line":150,"column":31}},{"start":{"line":150,"column":35},"end":{"line":150,"column":58}}]},"8":{"loc":{"start":{"line":151,"column":12},"end":{"line":151,"column":64}},"type":"binary-expr","locations":[{"start":{"line":151,"column":12},"end":{"line":151,"column":33}},{"start":{"line":151,"column":37},"end":{"line":151,"column":64}}]},"9":{"loc":{"start":{"line":152,"column":12},"end":{"line":152,"column":70}},"type":"binary-expr","locations":[{"start":{"line":152,"column":12},"end":{"line":152,"column":35}},{"start":{"line":152,"column":39},"end":{"line":152,"column":70}}]},"10":{"loc":{"start":{"line":169,"column":4},"end":{"line":171,"column":5}},"type":"if","locations":[{"start":{"line":169,"column":4},"end":{"line":171,"column":5}},{"start":{},"end":{}}]},"11":{"loc":{"start":{"line":174,"column":4},"end":{"line":176,"column":5}},"type":"if","locations":[{"start":{"line":174,"column":4},"end":{"line":176,"column":5}},{"start":{},"end":{}}]},"12":{"loc":{"start":{"line":177,"column":4},"end":{"line":186,"column":5}},"type":"if","locations":[{"start":{"line":177,"column":4},"end":{"line":186,"column":5}},{"start":{},"end":{}}]},"13":{"loc":{"start":{"line":179,"column":6},"end":{"line":185,"column":7}},"type":"if","locations":[{"start":{"line":179,"column":6},"end":{"line":185,"column":7}},{"start":{},"end":{}}]},"14":{"loc":{"start":{"line":181,"column":8},"end":{"line":183,"column":9}},"type":"if","locations":[{"start":{"line":181,"column":8},"end":{"line":183,"column":9}},{"start":{},"end":{}}]},"15":{"loc":{"start":{"line":187,"column":4},"end":{"line":189,"column":5}},"type":"if","locations":[{"start":{"line":187,"column":4},"end":{"line":189,"column":5}},{"start":{},"end":{}}]},"16":{"loc":{"start":{"line":190,"column":4},"end":{"line":192,"column":5}},"type":"if","locations":[{"start":{"line":190,"column":4},"end":{"line":192,"column":5}},{"start":{},"end":{}}]},"17":{"loc":{"start":{"line":40,"column":30},"end":{"line":40,"column":46}},"type":"cond-expr","locations":[{"start":{"line":40,"column":43},"end":{"line":40,"column":46}},{"start":{"line":40,"column":43},"end":{"line":40,"column":46}}]},"18":{"loc":{"start":{"line":40,"column":30},"end":{"line":40,"column":43}},"type":"binary-expr","locations":[{"start":{"line":40,"column":30},"end":{"line":40,"column":46}},{"start":{"line":40,"column":30},"end":{"line":40,"column":43}}]}},"s":{"0":1,"1":1,"2":1,"3":0,"4":0,"5":0,"6":0,"7":0,"8":0,"9":0,"10":0,"11":0,"12":0,"13":0,"14":0,"15":0,"16":0,"17":0,"18":0,"19":0,"20":0,"21":0,"22":0,"23":0,"24":0,"25":0,"26":0,"27":0,"28":0,"29":0,"30":0,"31":0,"32":0,"33":0,"34":0,"35":0,"36":0,"37":0,"38":0,"39":0,"40":0,"41":0,"42":0,"43":0,"44":0,"45":1,"46":1},"f":{"0":0,"1":0,"2":0,"3":0,"4":0,"5":0,"6":0,"7":0,"8":0,"9":0},"b":{"0":[0,0],"1":[0,0],"2":[0,0],"3":[0,0,0],"4":[0,0],"5":[0,0],"6":[0,0],"7":[0,0],"8":[0,0],"9":[0,0],"10":[0,0],"11":[0,0],"12":[0,0],"13":[0,0],"14":[0,0],"15":[0,0],"16":[0,0],"17":[1,0],"18":[1,1]}}
}
