TN:
SF:src\app.module.ts
FNF:0
FNH:0
DA:1,0
DA:2,0
DA:3,0
DA:4,0
DA:5,0
DA:6,0
DA:7,0
DA:8,0
DA:9,0
DA:10,0
DA:11,0
DA:12,0
DA:13,0
DA:14,0
DA:15,0
DA:16,0
DA:17,0
DA:44,0
LF:18
LH:0
BRF:0
BRH:0
end_of_record
TN:
SF:src\main.ts
FN:11,bootstrap
FNF:1
FNH:0
FNDA:0,bootstrap
DA:1,0
DA:2,0
DA:3,0
DA:4,0
DA:5,0
DA:6,0
DA:7,0
DA:8,0
DA:9,0
DA:12,0
DA:13,0
DA:14,0
DA:15,0
DA:16,0
DA:21,0
DA:22,0
DA:26,0
DA:34,0
DA:35,0
DA:38,0
DA:39,0
DA:41,0
DA:54,0
DA:55,0
DA:57,0
DA:60,0
LF:26
LH:0
BRF:0
BRH:0
end_of_record
TN:
SF:src\activity-logs\activity-logs.controller.ts
FN:11,(anonymous_4)
FN:15,(anonymous_5)
FNF:2
FNH:0
FNDA:0,(anonymous_4)
FNDA:0,(anonymous_5)
DA:1,0
DA:2,0
DA:3,0
DA:4,0
DA:10,0
DA:11,0
DA:15,0
DA:16,0
LF:8
LH:0
BRDA:11,0,0,0
BRDA:11,0,1,0
BRDA:11,1,0,0
BRDA:11,1,1,0
BRF:4
BRH:0
end_of_record
TN:
SF:src\activity-logs\activity-logs.module.ts
FNF:0
FNH:0
DA:1,0
DA:2,0
DA:3,0
DA:4,0
DA:12,0
LF:5
LH:0
BRF:0
BRH:0
end_of_record
TN:
SF:src\activity-logs\activity-logs.service.ts
FN:6,(anonymous_2)
FN:8,(anonymous_3)
FN:24,(anonymous_4)
FN:33,(anonymous_5)
FNF:4
FNH:4
FNDA:3,(anonymous_2)
FNDA:1,(anonymous_3)
FNDA:1,(anonymous_4)
FNDA:1,(anonymous_5)
DA:1,2
DA:2,2
DA:5,2
DA:6,3
DA:14,1
DA:25,1
DA:33,1
LF:7
LH:7
BRDA:6,0,0,2
BRDA:6,0,1,0
BRDA:6,1,0,2
BRDA:6,1,1,2
BRF:4
BRH:3
end_of_record
TN:
SF:src\auth\auth.controller.ts
FN:37,(anonymous_13)
FN:54,(anonymous_14)
FN:63,(anonymous_15)
FN:75,(anonymous_16)
FN:98,(anonymous_17)
FN:110,(anonymous_18)
FN:138,(anonymous_19)
FN:150,(anonymous_20)
FN:158,(anonymous_21)
FN:173,(anonymous_22)
FN:193,(anonymous_23)
FN:208,(anonymous_24)
FNF:12
FNH:0
FNDA:0,(anonymous_13)
FNDA:0,(anonymous_14)
FNDA:0,(anonymous_15)
FNDA:0,(anonymous_16)
FNDA:0,(anonymous_17)
FNDA:0,(anonymous_18)
FNDA:0,(anonymous_19)
FNDA:0,(anonymous_20)
FNDA:0,(anonymous_21)
FNDA:0,(anonymous_22)
FNDA:0,(anonymous_23)
FNDA:0,(anonymous_24)
DA:1,0
DA:13,0
DA:19,0
DA:20,0
DA:21,0
DA:22,0
DA:23,0
DA:24,0
DA:25,0
DA:26,0
DA:28,0
DA:29,0
DA:31,0
DA:32,0
DA:36,0
DA:38,0
DA:39,0
DA:54,0
DA:55,0
DA:63,0
DA:75,0
DA:76,0
DA:77,0
DA:78,0
DA:82,0
DA:84,0
DA:88,0
DA:98,0
DA:110,0
DA:111,0
DA:112,0
DA:113,0
DA:117,0
DA:119,0
DA:123,0
DA:138,0
DA:139,0
DA:150,0
DA:151,0
DA:158,0
DA:159,0
DA:173,0
DA:177,0
DA:193,0
DA:194,0
DA:208,0
DA:209,0
LF:47
LH:0
BRDA:77,0,0,0
BRDA:77,0,1,0
BRDA:112,1,0,0
BRDA:112,1,1,0
BRDA:54,2,0,0
BRDA:54,2,1,0
BRDA:54,3,0,0
BRDA:54,3,1,0
BRDA:54,4,0,0
BRDA:54,4,1,0
BRDA:54,5,0,0
BRDA:54,5,1,0
BRDA:75,6,0,0
BRDA:75,6,1,0
BRDA:75,7,0,0
BRDA:75,7,1,0
BRDA:75,8,0,0
BRDA:75,8,1,0
BRDA:75,9,0,0
BRDA:75,9,1,0
BRDA:110,10,0,0
BRDA:110,10,1,0
BRDA:110,11,0,0
BRDA:110,11,1,0
BRDA:110,12,0,0
BRDA:110,12,1,0
BRDA:110,13,0,0
BRDA:110,13,1,0
BRDA:138,14,0,0
BRDA:138,14,1,0
BRDA:138,15,0,0
BRDA:138,15,1,0
BRDA:138,16,0,0
BRDA:138,16,1,0
BRDA:138,17,0,0
BRDA:138,17,1,0
BRDA:150,18,0,0
BRDA:150,18,1,0
BRDA:150,19,0,0
BRDA:150,19,1,0
BRDA:175,20,0,0
BRDA:175,20,1,0
BRDA:175,21,0,0
BRDA:175,21,1,0
BRDA:193,22,0,0
BRDA:193,22,1,0
BRDA:193,23,0,0
BRDA:193,23,1,0
BRDA:193,24,0,0
BRDA:193,24,1,0
BRDA:193,25,0,0
BRDA:193,25,1,0
BRDA:208,26,0,0
BRDA:208,26,1,0
BRDA:208,27,0,0
BRDA:208,27,1,0
BRDA:208,28,0,0
BRDA:208,28,1,0
BRDA:208,29,0,0
BRDA:208,29,1,0
BRDA:38,30,0,0
BRDA:38,30,1,0
BRDA:38,31,0,0
BRDA:38,31,1,0
BRDA:38,32,0,0
BRDA:38,32,1,0
BRDA:38,33,0,0
BRDA:38,33,1,0
BRF:68
BRH:0
end_of_record
TN:
SF:src\auth\auth.module.ts
FN:19,(anonymous_1)
FNF:1
FNH:0
FNDA:0,(anonymous_1)
DA:1,0
DA:2,0
DA:3,0
DA:4,0
DA:5,0
DA:6,0
DA:7,0
DA:8,0
DA:9,0
DA:10,0
DA:11,0
DA:20,0
DA:22,0
DA:23,0
DA:41,0
LF:15
LH:0
BRDA:20,0,0,0
BRDA:20,0,1,0
BRDA:22,1,0,0
BRDA:22,1,1,0
BRDA:22,2,0,0
BRDA:22,2,1,0
BRDA:24,3,0,0
BRDA:24,3,1,0
BRF:8
BRH:0
end_of_record
TN:
SF:src\auth\auth.service.ts
FN:25,(anonymous_11)
FN:32,(anonymous_12)
FN:52,(anonymous_13)
FN:62,(anonymous_14)
FN:86,(anonymous_15)
FN:94,(anonymous_16)
FN:107,(anonymous_17)
FN:135,(anonymous_18)
FN:161,(anonymous_19)
FN:178,(anonymous_20)
FNF:10
FNH:10
FNDA:21,(anonymous_11)
FNDA:4,(anonymous_12)
FNDA:2,(anonymous_13)
FNDA:1,(anonymous_14)
FNDA:2,(anonymous_15)
FNDA:2,(anonymous_16)
FNDA:4,(anonymous_17)
FNDA:2,(anonymous_18)
FNDA:3,(anonymous_19)
FNDA:4,(anonymous_20)
DA:1,1
DA:8,1
DA:9,1
DA:10,1
DA:11,1
DA:12,1
DA:13,1
DA:21,1
DA:22,21
DA:23,21
DA:26,21
DA:27,21
DA:28,21
DA:29,21
DA:33,4
DA:34,4
DA:35,1
DA:37,3
DA:38,1
DA:42,2
DA:46,2
DA:47,1
DA:49,1
DA:53,2
DA:54,2
DA:59,1
DA:72,1
DA:74,1
DA:75,1
DA:76,1
DA:83,1
DA:87,2
DA:88,2
DA:89,1
DA:91,1
DA:95,2
DA:96,2
DA:97,1
DA:99,1
DA:111,4
DA:113,4
DA:114,3
DA:115,1
DA:117,2
DA:118,1
DA:120,1
DA:122,2
DA:127,2
DA:136,2
DA:137,2
DA:139,2
DA:140,1
DA:142,1
DA:145,1
DA:146,1
DA:147,1
DA:149,1
DA:150,1
DA:151,1
DA:152,1
DA:153,1
DA:154,1
DA:156,0
DA:157,0
DA:163,3
DA:165,3
DA:170,2
DA:173,1
DA:175,1
DA:184,4
DA:186,4
DA:187,4
DA:195,4
DA:201,4
LF:74
LH:72
BRDA:34,0,0,1
BRDA:34,0,1,3
BRDA:37,1,0,1
BRDA:37,1,1,2
BRDA:46,2,0,1
BRDA:46,2,1,1
BRDA:72,3,0,1
BRDA:72,3,1,0
BRDA:74,4,0,1
BRDA:74,4,1,0
BRDA:74,4,2,0
BRDA:75,5,0,1
BRDA:75,5,1,0
BRDA:88,6,0,1
BRDA:88,6,1,1
BRDA:96,7,0,1
BRDA:96,7,1,1
BRDA:103,8,0,1
BRDA:103,8,1,1
BRDA:113,9,0,3
BRDA:113,9,1,1
BRDA:113,10,0,4
BRDA:113,10,1,3
BRDA:114,11,0,1
BRDA:114,11,1,2
BRDA:114,12,0,3
BRDA:114,12,1,2
BRDA:117,13,0,1
BRDA:117,13,1,1
BRDA:123,14,0,2
BRDA:123,14,1,1
BRDA:124,15,0,2
BRDA:124,15,1,0
BRDA:125,16,0,2
BRDA:125,16,1,1
BRDA:131,17,0,2
BRDA:131,17,1,2
BRDA:139,18,0,1
BRDA:139,18,1,1
BRDA:165,19,0,2
BRDA:165,19,1,1
BRDA:166,20,0,3
BRDA:166,20,1,2
BRDA:166,20,2,2
BRDA:184,21,0,4
BRDA:184,21,1,0
BRDA:186,22,0,4
BRDA:186,22,1,0
BRDA:186,23,0,0
BRDA:186,23,1,0
BRDA:191,24,0,4
BRDA:191,24,1,0
BRDA:199,25,0,4
BRDA:199,25,1,4
BRDA:26,26,0,1
BRDA:26,26,1,0
BRDA:26,27,0,1
BRDA:26,27,1,1
BRDA:26,28,0,1
BRDA:26,28,1,0
BRDA:26,29,0,1
BRDA:26,29,1,1
BRDA:27,30,0,1
BRDA:27,30,1,0
BRDA:27,31,0,1
BRDA:27,31,1,1
BRDA:28,32,0,1
BRDA:28,32,1,0
BRDA:28,33,0,1
BRDA:28,33,1,1
BRF:70
BRH:56
end_of_record
TN:
SF:src\auth\dto\auth-response.dto.ts
FNF:0
FNH:0
DA:1,0
DA:3,0
DA:5,0
DA:8,0
DA:11,0
DA:14,0
DA:17,0
DA:19,0
DA:22,0
LF:9
LH:0
BRF:0
BRH:0
end_of_record
TN:
SF:src\auth\dto\forgot-password.dto.ts
FNF:0
FNH:0
DA:1,0
DA:2,0
DA:4,0
DA:8,0
LF:4
LH:0
BRF:0
BRH:0
end_of_record
TN:
SF:src\auth\dto\login.dto.ts
FNF:0
FNH:0
DA:1,0
DA:2,0
DA:4,0
DA:7,0
DA:12,0
LF:5
LH:0
BRF:0
BRH:0
end_of_record
TN:
SF:src\auth\dto\register.dto.ts
FNF:0
FNH:0
DA:1,0
DA:2,0
DA:4,0
DA:8,0
DA:12,0
DA:17,0
LF:6
LH:0
BRF:0
BRH:0
end_of_record
TN:
SF:src\auth\dto\reset-password.dto.ts
FNF:0
FNH:0
DA:1,0
DA:2,0
DA:4,0
DA:7,0
DA:12,0
LF:5
LH:0
BRF:0
BRH:0
end_of_record
TN:
SF:src\auth\dto\update-profile.dto.ts
FNF:0
FNH:0
DA:1,0
DA:2,0
DA:4,0
DA:9,0
DA:14,0
DA:20,0
DA:28,0
LF:7
LH:0
BRF:0
BRH:0
end_of_record
TN:
SF:src\auth\strategies\github.strategy.ts
FN:17,(anonymous_2)
FN:36,(anonymous_3)
FNF:2
FNH:0
FNDA:0,(anonymous_2)
FNDA:0,(anonymous_3)
DA:1,0
DA:2,0
DA:3,0
DA:4,0
DA:5,0
DA:16,0
DA:18,0
DA:19,0
DA:21,0
DA:22,0
DA:23,0
DA:27,0
DA:28,0
DA:42,0
DA:43,0
DA:49,0
DA:51,0
LF:17
LH:0
BRDA:29,0,0,0
BRDA:29,0,1,0
BRDA:30,1,0,0
BRDA:30,1,1,0
BRDA:46,2,0,0
BRDA:46,2,1,0
BRDA:46,2,2,0
BRDA:18,3,0,0
BRDA:18,3,1,0
BRDA:18,4,0,0
BRDA:18,4,1,0
BRDA:18,5,0,0
BRDA:18,5,1,0
BRDA:18,6,0,0
BRDA:18,6,1,0
BRF:15
BRH:0
end_of_record
TN:
SF:src\auth\strategies\google.strategy.ts
FN:16,(anonymous_2)
FN:35,(anonymous_3)
FNF:2
FNH:0
FNDA:0,(anonymous_2)
FNDA:0,(anonymous_3)
DA:1,0
DA:2,0
DA:3,0
DA:4,0
DA:5,0
DA:15,0
DA:17,0
DA:18,0
DA:20,0
DA:21,0
DA:22,0
DA:26,0
DA:27,0
DA:41,0
DA:42,0
DA:48,0
DA:50,0
LF:17
LH:0
BRDA:28,0,0,0
BRDA:28,0,1,0
BRDA:29,1,0,0
BRDA:29,1,1,0
BRDA:17,2,0,0
BRDA:17,2,1,0
BRDA:17,3,0,0
BRDA:17,3,1,0
BRDA:17,4,0,0
BRDA:17,4,1,0
BRDA:17,5,0,0
BRDA:17,5,1,0
BRF:12
BRH:0
end_of_record
TN:
SF:src\auth\strategies\jwt.strategy.ts
FN:15,(anonymous_2)
FN:26,(anonymous_3)
FNF:2
FNH:0
FNDA:0,(anonymous_2)
FNDA:0,(anonymous_3)
DA:1,0
DA:2,0
DA:3,0
DA:4,0
DA:5,0
DA:14,0
DA:16,0
DA:17,0
DA:19,0
DA:27,0
DA:28,0
DA:29,0
DA:32,0
LF:13
LH:0
BRDA:22,0,0,0
BRDA:22,0,1,0
BRDA:28,1,0,0
BRDA:28,1,1,0
BRDA:16,2,0,0
BRDA:16,2,1,0
BRDA:16,3,0,0
BRDA:16,3,1,0
BRDA:16,4,0,0
BRDA:16,4,1,0
BRDA:16,5,0,0
BRDA:16,5,1,0
BRF:12
BRH:0
end_of_record
TN:
SF:src\boards\boards.controller.ts
FN:24,(anonymous_4)
FN:31,(anonymous_5)
FN:40,(anonymous_6)
FN:50,(anonymous_7)
FN:56,(anonymous_8)
FN:67,(anonymous_9)
FNF:6
FNH:0
FNDA:0,(anonymous_4)
FNDA:0,(anonymous_5)
FNDA:0,(anonymous_6)
FNDA:0,(anonymous_7)
FNDA:0,(anonymous_8)
FNDA:0,(anonymous_9)
DA:1,0
DA:12,0
DA:13,0
DA:14,0
DA:15,0
DA:16,0
DA:17,0
DA:23,0
DA:25,0
DA:26,0
DA:31,0
DA:35,0
DA:40,0
DA:45,0
DA:50,0
DA:51,0
DA:56,0
DA:61,0
DA:67,0
DA:68,0
LF:20
LH:0
BRDA:50,0,0,0
BRDA:50,0,1,0
BRDA:50,1,0,0
BRDA:50,1,1,0
BRDA:59,2,0,0
BRDA:59,2,1,0
BRDA:59,3,0,0
BRDA:59,3,1,0
BRDA:25,4,0,0
BRDA:25,4,1,0
BRDA:25,5,0,0
BRDA:25,5,1,0
BRDA:25,6,0,0
BRDA:25,6,1,0
BRDA:25,7,0,0
BRDA:25,7,1,0
BRF:16
BRH:0
end_of_record
TN:
SF:src\boards\boards.module.ts
FN:7,(anonymous_1)
FNF:1
FNH:0
FNDA:0,(anonymous_1)
DA:1,0
DA:2,0
DA:3,0
DA:4,0
DA:7,0
DA:12,0
LF:6
LH:0
BRF:0
BRH:0
end_of_record
TN:
SF:src\boards\boards.service.ts
FN:41,(anonymous_4)
FN:47,(anonymous_5)
FN:66,(anonymous_6)
FN:71,(anonymous_7)
FN:97,(anonymous_8)
FN:111,(anonymous_9)
FN:134,(anonymous_10)
FN:155,(anonymous_11)
FN:174,(anonymous_12)
FN:184,(anonymous_13)
FN:198,(anonymous_14)
FN:214,(anonymous_15)
FN:256,(anonymous_16)
FNF:13
FNH:9
FNDA:10,(anonymous_4)
FNDA:3,(anonymous_5)
FNDA:1,(anonymous_6)
FNDA:0,(anonymous_7)
FNDA:2,(anonymous_8)
FNDA:0,(anonymous_9)
FNDA:2,(anonymous_10)
FNDA:0,(anonymous_11)
FNDA:2,(anonymous_12)
FNDA:0,(anonymous_13)
FNDA:5,(anonymous_14)
FNDA:4,(anonymous_15)
FNDA:3,(anonymous_16)
DA:1,2
DA:2,2
DA:5,2
DA:6,2
DA:8,2
DA:17,2
DA:36,2
DA:40,2
DA:42,10
DA:43,10
DA:44,10
DA:51,3
DA:53,2
DA:54,2
DA:55,2
DA:57,1
DA:66,1
DA:67,1
DA:68,1
DA:76,0
DA:90,0
DA:91,0
DA:94,0
DA:98,2
DA:101,1
DA:106,1
DA:107,1
DA:111,1
DA:112,1
DA:114,1
DA:125,1
DA:126,1
DA:130,1
DA:131,1
DA:139,2
DA:141,1
DA:149,1
DA:150,1
DA:151,1
DA:155,1
DA:156,1
DA:159,1
DA:165,1
DA:166,1
DA:170,1
DA:171,1
DA:175,2
DA:176,1
DA:177,1
DA:181,1
DA:194,0
DA:195,0
DA:202,5
DA:209,5
DA:210,2
DA:228,4
DA:243,4
DA:245,2
DA:246,2
DA:248,2
DA:249,0
DA:252,2
DA:253,2
DA:265,3
LF:64
LH:57
BRDA:55,0,0,1
BRDA:55,0,1,1
BRDA:90,1,0,0
BRDA:90,1,1,0
BRDA:101,2,0,1
BRDA:101,2,1,1
BRDA:142,3,0,1
BRDA:142,3,1,1
BRDA:143,4,0,1
BRDA:143,4,1,0
BRDA:146,5,0,1
BRDA:146,5,1,0
BRDA:149,6,0,1
BRDA:149,6,1,0
BRDA:209,7,0,2
BRDA:209,7,1,3
BRDA:243,8,0,2
BRDA:243,8,1,2
BRDA:248,9,0,0
BRDA:248,9,1,2
BRDA:248,10,0,2
BRDA:248,10,1,0
BRDA:269,11,0,3
BRDA:269,11,1,3
BRDA:272,12,0,3
BRDA:272,12,1,1
BRDA:42,13,0,2
BRDA:42,13,1,0
BRDA:42,14,0,2
BRDA:42,14,1,2
BRDA:42,15,0,2
BRDA:42,15,1,0
BRDA:42,16,0,2
BRDA:42,16,1,2
BRF:34
BRH:25
end_of_record
TN:
SF:src\boards\dto\create-board.dto.ts
FN:24,(anonymous_2)
FNF:1
FNH:0
FNDA:0,(anonymous_2)
DA:1,0
DA:2,0
DA:3,0
DA:5,0
DA:10,0
DA:16,0
DA:20,0
DA:24,0
DA:27,0
LF:9
LH:0
BRF:0
BRH:0
end_of_record
TN:
SF:src\boards\dto\update-board.dto.ts
FNF:0
FNH:0
DA:1,0
DA:2,0
DA:4,0
LF:3
LH:0
BRF:0
BRH:0
end_of_record
TN:
SF:src\cards\cards.controller.ts
FN:30,(anonymous_4)
FN:36,(anonymous_5)
FN:48,(anonymous_6)
FN:54,(anonymous_7)
FN:61,(anonymous_8)
FN:71,(anonymous_9)
FN:82,(anonymous_10)
FN:88,(anonymous_11)
FN:99,(anonymous_12)
FN:110,(anonymous_13)
FNF:10
FNH:0
FNDA:0,(anonymous_4)
FNDA:0,(anonymous_5)
FNDA:0,(anonymous_6)
FNDA:0,(anonymous_7)
FNDA:0,(anonymous_8)
FNDA:0,(anonymous_9)
FNDA:0,(anonymous_10)
FNDA:0,(anonymous_11)
FNDA:0,(anonymous_12)
FNDA:0,(anonymous_13)
DA:1,0
DA:16,0
DA:17,0
DA:18,0
DA:19,0
DA:20,0
DA:21,0
DA:27,0
DA:28,0
DA:30,0
DA:36,0
DA:40,0
DA:41,0
DA:43,0
DA:48,0
DA:49,0
DA:54,0
DA:55,0
DA:56,0
DA:61,0
DA:66,0
DA:71,0
DA:76,0
DA:82,0
DA:83,0
DA:88,0
DA:93,0
DA:99,0
DA:104,0
DA:110,0
DA:111,0
LF:31
LH:0
BRDA:40,0,0,0
BRDA:40,0,1,0
BRDA:54,1,0,0
BRDA:54,1,1,0
BRDA:54,2,0,0
BRDA:54,2,1,0
BRDA:64,3,0,0
BRDA:64,3,1,0
BRDA:64,4,0,0
BRDA:64,4,1,0
BRDA:74,5,0,0
BRDA:74,5,1,0
BRDA:74,6,0,0
BRDA:74,6,1,0
BRDA:30,7,0,0
BRDA:30,7,1,0
BRDA:30,8,0,0
BRDA:30,8,1,0
BRF:18
BRH:0
end_of_record
TN:
SF:src\cards\cards.module.ts
FN:10,(anonymous_1)
FNF:1
FNH:0
FNDA:0,(anonymous_1)
DA:1,0
DA:2,0
DA:3,0
DA:4,0
DA:5,0
DA:7,0
DA:10,0
DA:15,0
LF:8
LH:0
BRF:0
BRH:0
end_of_record
TN:
SF:src\cards\cards.service.ts
FN:126,(anonymous_4)
FN:134,(anonymous_5)
FN:144,(anonymous_6)
FN:147,(anonymous_7)
FN:180,(anonymous_8)
FN:189,(anonymous_9)
FN:224,(anonymous_10)
FN:247,(anonymous_11)
FN:251,(anonymous_12)
FN:273,(anonymous_13)
FN:278,(anonymous_14)
FN:290,(anonymous_15)
FN:307,(anonymous_16)
FN:328,(anonymous_17)
FN:338,(anonymous_18)
FN:354,(anonymous_19)
FN:375,(anonymous_20)
FN:384,(anonymous_21)
FN:392,(anonymous_22)
FN:409,(anonymous_23)
FN:463,(anonymous_24)
FN:486,(anonymous_25)
FN:509,(anonymous_26)
FN:548,(anonymous_27)
FN:566,(anonymous_28)
FN:574,(anonymous_29)
FN:597,(anonymous_30)
FN:611,(anonymous_31)
FN:630,(anonymous_32)
FN:640,(anonymous_33)
FN:715,(anonymous_34)
FN:740,(anonymous_35)
FN:769,(anonymous_36)
FN:128,(anonymous_37)
FNF:34
FNH:10
FNDA:13,(anonymous_4)
FNDA:0,(anonymous_5)
FNDA:0,(anonymous_6)
FNDA:3,(anonymous_7)
FNDA:1,(anonymous_8)
FNDA:3,(anonymous_9)
FNDA:2,(anonymous_10)
FNDA:0,(anonymous_11)
FNDA:0,(anonymous_12)
FNDA:0,(anonymous_13)
FNDA:0,(anonymous_14)
FNDA:0,(anonymous_15)
FNDA:2,(anonymous_16)
FNDA:0,(anonymous_17)
FNDA:0,(anonymous_18)
FNDA:0,(anonymous_19)
FNDA:0,(anonymous_20)
FNDA:0,(anonymous_21)
FNDA:0,(anonymous_22)
FNDA:0,(anonymous_23)
FNDA:0,(anonymous_24)
FNDA:2,(anonymous_25)
FNDA:4,(anonymous_26)
FNDA:0,(anonymous_27)
FNDA:0,(anonymous_28)
FNDA:5,(anonymous_29)
FNDA:0,(anonymous_30)
FNDA:0,(anonymous_31)
FNDA:0,(anonymous_32)
FNDA:0,(anonymous_33)
FNDA:0,(anonymous_34)
FNDA:0,(anonymous_35)
FNDA:0,(anonymous_36)
FNDA:13,(anonymous_37)
DA:1,1
DA:7,1
DA:8,1
DA:9,1
DA:16,1
DA:41,1
DA:74,1
DA:122,1
DA:125,1
DA:127,13
DA:128,13
DA:129,13
DA:130,13
DA:131,13
DA:138,0
DA:139,0
DA:144,0
DA:152,3
DA:160,3
DA:161,1
DA:164,2
DA:165,2
DA:167,2
DA:168,1
DA:171,1
DA:180,1
DA:190,3
DA:195,3
DA:196,1
DA:200,2
DA:212,2
DA:214,2
DA:215,2
DA:217,2
DA:218,1
DA:221,1
DA:225,2
DA:226,2
DA:229,1
DA:230,0
DA:241,0
DA:242,0
DA:245,0
DA:247,0
DA:250,0
DA:251,0
DA:253,0
DA:254,0
DA:261,1
DA:264,1
DA:273,0
DA:278,0
DA:288,1
DA:290,0
DA:293,1
DA:297,1
DA:298,1
DA:304,1
DA:312,2
DA:314,1
DA:328,0
DA:336,1
DA:338,0
DA:340,1
DA:344,1
DA:345,1
DA:351,1
DA:359,0
DA:360,0
DA:371,0
DA:381,0
DA:382,0
DA:384,0
DA:386,0
DA:387,0
DA:392,0
DA:393,0
DA:394,0
DA:399,0
DA:400,0
DA:402,0
DA:409,0
DA:411,0
DA:413,0
DA:414,0
DA:415,0
DA:421,0
DA:427,0
DA:432,0
DA:433,0
DA:438,0
DA:443,0
DA:444,0
DA:445,0
DA:446,0
DA:447,0
DA:453,0
DA:461,0
DA:463,0
DA:468,0
DA:473,0
DA:474,0
DA:483,0
DA:487,2
DA:490,1
DA:498,1
DA:500,1
DA:501,1
DA:513,4
DA:525,4
DA:526,2
DA:529,2
DA:530,2
DA:532,2
DA:533,0
DA:540,0
DA:541,0
DA:545,2
DA:559,0
DA:566,0
DA:590,5
DA:597,0
DA:612,0
DA:614,0
DA:630,0
DA:646,0
DA:649,0
DA:669,0
DA:670,0
DA:673,0
DA:674,0
DA:676,0
DA:677,0
DA:681,0
DA:690,0
DA:691,0
DA:695,0
DA:703,0
DA:708,0
DA:715,0
DA:718,0
DA:730,0
DA:731,0
DA:737,0
DA:746,0
DA:749,0
DA:757,0
DA:762,0
DA:769,0
DA:772,0
DA:784,0
DA:785,0
DA:791,0
LF:153
LH:63
BRDA:160,0,0,1
BRDA:160,0,1,2
BRDA:167,1,0,1
BRDA:167,1,1,1
BRDA:167,2,0,2
BRDA:167,2,1,1
BRDA:195,3,0,1
BRDA:195,3,1,2
BRDA:212,4,0,0
BRDA:212,4,1,2
BRDA:217,5,0,1
BRDA:217,5,1,1
BRDA:217,6,0,2
BRDA:217,6,1,1
BRDA:229,7,0,0
BRDA:229,7,1,1
BRDA:229,8,0,1
BRDA:229,8,1,0
BRDA:241,9,0,0
BRDA:241,9,1,0
BRDA:253,10,0,0
BRDA:253,10,1,0
BRDA:261,11,0,1
BRDA:261,11,1,1
BRDA:270,12,0,0
BRDA:270,12,1,1
BRDA:271,13,0,0
BRDA:271,13,1,1
BRDA:276,14,0,0
BRDA:276,14,1,1
BRDA:297,15,0,1
BRDA:297,15,1,0
BRDA:317,16,0,1
BRDA:317,16,1,1
BRDA:318,17,0,1
BRDA:318,17,1,0
BRDA:321,18,0,1
BRDA:321,18,1,0
BRDA:322,19,0,1
BRDA:322,19,1,0
BRDA:323,20,0,0
BRDA:323,20,1,0
BRDA:325,21,0,1
BRDA:325,21,1,0
BRDA:326,22,0,1
BRDA:326,22,1,0
BRDA:344,23,0,1
BRDA:344,23,1,0
BRDA:386,24,0,0
BRDA:386,24,1,0
BRDA:393,25,0,0
BRDA:393,25,1,0
BRDA:400,26,0,0
BRDA:400,26,1,0
BRDA:414,27,0,0
BRDA:414,27,1,0
BRDA:444,28,0,0
BRDA:444,28,1,0
BRDA:445,29,0,0
BRDA:445,29,1,0
BRDA:446,30,0,0
BRDA:446,30,1,0
BRDA:473,31,0,0
BRDA:473,31,1,0
BRDA:500,32,0,1
BRDA:500,32,1,0
BRDA:525,33,0,2
BRDA:525,33,1,2
BRDA:532,34,0,0
BRDA:532,34,1,2
BRDA:540,35,0,0
BRDA:540,35,1,0
BRDA:562,36,0,0
BRDA:562,36,1,0
BRDA:565,37,0,0
BRDA:565,37,1,0
BRDA:567,38,0,0
BRDA:567,38,1,0
BRDA:593,39,0,5
BRDA:593,39,1,0
BRDA:596,40,0,5
BRDA:596,40,1,0
BRDA:602,41,0,0
BRDA:602,41,1,0
BRDA:635,42,0,0
BRDA:635,42,1,0
BRDA:669,43,0,0
BRDA:669,43,1,0
BRDA:676,44,0,0
BRDA:676,44,1,0
BRDA:676,45,0,0
BRDA:676,45,1,0
BRDA:690,46,0,0
BRDA:690,46,1,0
BRDA:713,47,0,0
BRDA:713,47,1,0
BRDA:730,48,0,0
BRDA:730,48,1,0
BRDA:767,49,0,0
BRDA:767,49,1,0
BRDA:784,50,0,0
BRDA:784,50,1,0
BRDA:127,51,0,1
BRDA:127,51,1,0
BRDA:127,52,0,1
BRDA:127,52,1,1
BRDA:127,53,0,1
BRDA:127,53,1,0
BRDA:127,54,0,1
BRDA:127,54,1,1
BRDA:129,55,0,1
BRDA:129,55,1,0
BRDA:129,56,0,1
BRDA:129,56,1,1
BRDA:130,57,0,1
BRDA:130,57,1,0
BRDA:130,58,0,1
BRDA:130,58,1,1
BRF:118
BRH:47
end_of_record
TN:
SF:src\cards\dto\card-member.dto.ts
FNF:0
FNH:0
DA:1,0
DA:3,0
DA:6,0
DA:9,0
LF:4
LH:0
BRF:0
BRH:0
end_of_record
TN:
SF:src\cards\dto\create-card.dto.ts
FN:37,(anonymous_2)
FNF:1
FNH:0
FNDA:0,(anonymous_2)
DA:1,0
DA:11,0
DA:12,0
DA:14,0
DA:16,0
DA:21,0
DA:29,0
DA:33,0
DA:37,0
DA:40,0
DA:46,0
DA:55,0
DA:60,0
LF:13
LH:0
BRF:0
BRH:0
end_of_record
TN:
SF:src\cards\dto\move-card-response.dto.ts
FNF:0
FNH:0
DA:1,0
DA:3,0
DA:5,0
DA:8,0
DA:11,0
LF:5
LH:0
BRF:0
BRH:0
end_of_record
TN:
SF:src\cards\dto\move-card.dto.ts
FN:11,(anonymous_2)
FNF:1
FNH:0
FNDA:0,(anonymous_2)
DA:1,0
DA:2,0
DA:3,0
DA:5,0
DA:8,0
DA:11,0
DA:14,0
LF:7
LH:0
BRF:0
BRH:0
end_of_record
TN:
SF:src\cards\dto\update-card.dto.ts
FN:31,(anonymous_2)
FNF:1
FNH:0
FNDA:0,(anonymous_2)
DA:1,0
DA:11,0
DA:12,0
DA:13,0
DA:15,0
DA:21,0
DA:27,0
DA:31,0
DA:34,0
DA:40,0
DA:45,0
DA:49,0
LF:12
LH:0
BRF:0
BRH:0
end_of_record
TN:
SF:src\comments\comments.controller.ts
FN:28,(anonymous_4)
FN:69,(anonymous_5)
FN:79,(anonymous_6)
FN:84,(anonymous_7)
FN:89,(anonymous_8)
FN:34,(anonymous_9)
FNF:6
FNH:1
FNDA:1,(anonymous_4)
FNDA:0,(anonymous_5)
FNDA:0,(anonymous_6)
FNDA:0,(anonymous_7)
FNDA:0,(anonymous_8)
FNDA:0,(anonymous_9)
DA:1,1
DA:17,1
DA:18,1
DA:19,1
DA:20,1
DA:21,1
DA:22,1
DA:27,1
DA:28,1
DA:35,0
DA:42,0
DA:44,0
DA:69,1
DA:74,0
DA:79,1
DA:80,0
DA:84,1
DA:85,0
DA:89,1
DA:95,0
DA:98,0
DA:100,0
DA:105,0
LF:23
LH:13
BRDA:35,0,0,0
BRDA:35,0,1,0
BRDA:36,1,0,0
BRDA:36,1,1,0
BRDA:36,1,2,0
BRDA:36,1,3,0
BRDA:71,2,0,1
BRDA:71,2,1,0
BRDA:71,3,0,1
BRDA:71,3,1,1
BRDA:71,4,0,0
BRDA:71,4,1,1
BRDA:71,5,0,1
BRDA:71,5,1,0
BRDA:71,5,2,0
BRDA:28,6,0,1
BRDA:28,6,1,0
BRDA:28,7,0,1
BRDA:28,7,1,1
BRF:19
BRH:8
end_of_record
TN:
SF:src\comments\comments.module.ts
FNF:0
FNH:0
DA:1,0
DA:2,0
DA:3,0
DA:4,0
DA:5,0
DA:6,0
DA:14,0
LF:7
LH:0
BRF:0
BRH:0
end_of_record
TN:
SF:src\comments\comments.service.ts
FN:12,(anonymous_2)
FN:17,(anonymous_3)
FN:97,(anonymous_4)
FN:116,(anonymous_5)
FN:122,(anonymous_6)
FN:180,(anonymous_7)
FN:190,(anonymous_8)
FNF:7
FNH:5
FNDA:12,(anonymous_2)
FNDA:5,(anonymous_3)
FNDA:2,(anonymous_4)
FNDA:1,(anonymous_5)
FNDA:4,(anonymous_6)
FNDA:0,(anonymous_7)
FNDA:0,(anonymous_8)
DA:1,2
DA:6,2
DA:8,2
DA:11,2
DA:13,12
DA:14,12
DA:22,5
DA:25,5
DA:41,5
DA:42,1
DA:46,4
DA:47,4
DA:49,4
DA:50,1
DA:55,3
DA:56,3
DA:57,1
DA:61,1
DA:69,3
DA:91,3
DA:98,2
DA:116,2
DA:123,4
DA:146,4
DA:147,1
DA:151,3
DA:154,3
DA:155,3
DA:156,3
DA:157,3
DA:159,3
DA:160,1
DA:166,2
DA:171,2
DA:172,2
DA:173,0
DA:178,0
DA:181,0
DA:187,2
DA:191,0
DA:218,0
DA:219,0
DA:223,0
DA:224,0
DA:225,0
DA:227,0
DA:228,0
DA:233,0
DA:234,0
DA:237,0
DA:239,0
LF:51
LH:36
BRDA:41,0,0,1
BRDA:41,0,1,4
BRDA:49,1,0,1
BRDA:49,1,1,3
BRDA:49,2,0,4
BRDA:49,2,1,2
BRDA:56,3,0,1
BRDA:56,3,1,2
BRDA:74,4,0,1
BRDA:74,4,1,2
BRDA:146,5,0,1
BRDA:146,5,1,3
BRDA:157,6,0,3
BRDA:157,6,1,2
BRDA:157,6,2,1
BRDA:159,7,0,1
BRDA:159,7,1,2
BRDA:159,8,0,3
BRDA:159,8,1,2
BRDA:171,9,0,2
BRDA:171,9,1,0
BRDA:173,10,0,0
BRDA:173,10,1,0
BRDA:218,11,0,0
BRDA:218,11,1,0
BRDA:227,12,0,0
BRDA:227,12,1,0
BRDA:227,13,0,0
BRDA:227,13,1,0
BRDA:233,14,0,0
BRDA:233,14,1,0
BRDA:13,15,0,2
BRDA:13,15,1,0
BRDA:13,16,0,2
BRDA:13,16,1,2
BRDA:13,17,0,2
BRDA:13,17,1,0
BRDA:13,18,0,2
BRDA:13,18,1,2
BRF:39
BRH:26
end_of_record
TN:
SF:src\comments\dto\create-comment.dto.ts
FNF:0
FNH:0
DA:1,1
DA:2,1
DA:4,1
DA:8,1
DA:12,1
LF:5
LH:5
BRF:0
BRH:0
end_of_record
TN:
SF:src\common\index.ts
FNF:0
FNH:0
DA:1,0
DA:2,0
DA:3,0
DA:4,0
DA:5,0
DA:6,0
LF:6
LH:0
BRF:0
BRH:0
end_of_record
TN:
SF:src\common\cache\cache.module.ts
FNF:0
FNH:0
DA:1,0
DA:2,0
DA:15,0
LF:3
LH:0
BRF:0
BRH:0
end_of_record
TN:
SF:src\common\decorators\current-user.decorator.ts
FN:10,(anonymous_0)
FNF:1
FNH:0
FNDA:0,(anonymous_0)
DA:1,1
DA:9,1
DA:14,0
DA:17,0
DA:18,0
DA:19,0
DA:21,0
LF:7
LH:2
BRDA:18,0,0,0
BRDA:18,0,1,0
BRF:2
BRH:0
end_of_record
TN:
SF:src\common\decorators\public.decorator.ts
FN:5,(anonymous_0)
FNF:1
FNH:0
FNDA:0,(anonymous_0)
DA:1,2
DA:3,2
DA:5,2
LF:3
LH:3
BRF:0
BRH:0
end_of_record
TN:
SF:src\common\dto\api-response.dto.ts
FN:5,(anonymous_0)
FNF:1
FNH:0
FNDA:0,(anonymous_0)
DA:1,0
DA:6,0
DA:7,0
LF:3
LH:0
BRF:0
BRH:0
end_of_record
TN:
SF:src\common\filters\http-exception.filter.ts
FN:23,(anonymous_1)
FN:78,(anonymous_2)
FNF:2
FNH:0
FNDA:0,(anonymous_1)
FNDA:0,(anonymous_2)
DA:1,0
DA:20,0
DA:21,0
DA:24,0
DA:25,0
DA:26,0
DA:28,0
DA:29,0
DA:32,0
DA:37,0
DA:38,0
DA:39,0
DA:40,0
DA:41,0
DA:43,0
DA:45,0
DA:47,0
DA:49,0
DA:50,0
DA:51,0
DA:52,0
DA:54,0
DA:57,0
DA:64,0
DA:65,0
DA:68,0
DA:69,0
DA:75,0
DA:79,0
DA:88,0
LF:30
LH:0
BRDA:29,0,0,0
BRDA:29,0,1,0
BRDA:32,1,0,0
BRDA:32,1,1,0
BRDA:37,2,0,0
BRDA:37,2,1,0
BRDA:37,3,0,0
BRDA:37,3,1,0
BRDA:40,4,0,0
BRDA:40,4,1,0
BRDA:42,5,0,0
BRDA:42,5,1,0
BRDA:46,6,0,0
BRDA:46,6,1,0
BRDA:46,6,2,0
BRDA:49,7,0,0
BRDA:49,7,1,0
BRDA:51,8,0,0
BRDA:51,8,1,0
BRDA:64,9,0,0
BRDA:64,9,1,0
BRDA:64,10,0,0
BRDA:64,10,1,0
BRDA:68,11,0,0
BRDA:68,11,1,0
BRDA:71,12,0,0
BRDA:71,12,1,0
BRDA:88,13,0,0
BRDA:88,13,1,0
BRF:29
BRH:0
end_of_record
TN:
SF:src\common\guards\jwt-auth.guard.ts
FN:12,(anonymous_2)
FN:16,(anonymous_3)
FN:27,(anonymous_4)
FNF:3
FNH:1
FNDA:2,(anonymous_2)
FNDA:0,(anonymous_3)
FNDA:0,(anonymous_4)
DA:1,2
DA:6,2
DA:7,2
DA:8,2
DA:11,2
DA:12,2
DA:13,2
DA:17,0
DA:21,0
DA:22,0
DA:24,0
DA:28,0
DA:29,0
DA:31,0
LF:14
LH:7
BRDA:21,0,0,0
BRDA:21,0,1,0
BRDA:28,1,0,0
BRDA:28,1,1,0
BRDA:28,2,0,0
BRDA:28,2,1,0
BRDA:29,3,0,0
BRDA:29,3,1,0
BRDA:12,4,0,2
BRDA:12,4,1,0
BRDA:12,5,0,2
BRDA:12,5,1,2
BRF:12
BRH:3
end_of_record
TN:
SF:src\common\interceptors\response-transform.interceptor.ts
FN:21,(anonymous_1)
FN:26,(anonymous_2)
FNF:2
FNH:0
FNDA:0,(anonymous_1)
FNDA:0,(anonymous_2)
DA:1,0
DA:8,0
DA:17,0
DA:25,0
DA:27,0
DA:28,0
DA:30,0
LF:7
LH:0
BRDA:27,0,0,0
BRDA:27,0,1,0
BRDA:27,1,0,0
BRDA:27,1,1,0
BRDA:27,1,2,0
BRF:5
BRH:0
end_of_record
TN:
SF:src\common\services\upload.service.ts
FN:17,(anonymous_2)
FN:40,(anonymous_3)
FN:72,(anonymous_4)
FN:87,(anonymous_5)
FN:110,(anonymous_6)
FNF:5
FNH:0
FNDA:0,(anonymous_2)
FNDA:0,(anonymous_3)
FNDA:0,(anonymous_4)
FNDA:0,(anonymous_5)
FNDA:0,(anonymous_6)
DA:1,2
DA:2,2
DA:8,2
DA:9,2
DA:10,2
DA:13,2
DA:17,0
DA:18,0
DA:20,0
DA:22,0
DA:23,0
DA:25,0
DA:26,0
DA:29,0
DA:44,0
DA:45,0
DA:46,0
DA:47,0
DA:49,0
DA:57,0
DA:61,0
DA:63,0
DA:65,0
DA:66,0
DA:73,0
DA:74,0
DA:79,0
DA:81,0
DA:83,0
DA:88,0
DA:91,0
DA:93,0
DA:100,0
DA:103,0
DA:105,0
DA:106,0
DA:111,0
DA:112,0
DA:117,0
DA:119,0
DA:120,0
LF:41
LH:6
BRDA:18,0,0,0
BRDA:18,0,1,0
BRDA:20,1,0,0
BRDA:20,1,1,0
BRDA:22,2,0,0
BRDA:22,2,1,0
BRDA:23,3,0,0
BRDA:23,3,1,0
BRDA:25,4,0,0
BRDA:25,4,1,0
BRDA:25,5,0,0
BRDA:25,5,1,0
BRDA:25,5,2,0
BRDA:25,5,3,0
BRDA:42,6,0,0
BRDA:17,7,0,2
BRDA:17,7,1,0
BRDA:17,8,0,2
BRDA:17,8,1,2
BRF:19
BRH:3
end_of_record
TN:
SF:src\common\utils\slug.utils.ts
FN:10,generateSlug
FN:28,ensureUniqueSlug
FN:49,generateUniqueSlug
FNF:3
FNH:2
FNDA:4,generateSlug
FNDA:4,ensureUniqueSlug
FNDA:0,generateUniqueSlug
DA:10,3
DA:11,4
DA:28,3
DA:32,4
DA:33,4
DA:35,4
DA:36,0
DA:37,0
DA:40,4
DA:49,3
DA:53,0
DA:54,0
LF:12
LH:8
BRF:0
BRH:0
end_of_record
TN:
SF:src\config\configuration.ts
FN:1,(anonymous_0)
FNF:1
FNH:0
FNDA:0,(anonymous_0)
DA:1,0
LF:1
LH:0
BRDA:2,0,0,0
BRDA:2,0,1,0
BRDA:3,1,0,0
BRDA:3,1,1,0
BRDA:8,2,0,0
BRDA:8,2,1,0
BRDA:9,3,0,0
BRDA:9,3,1,0
BRDA:12,4,0,0
BRDA:12,4,1,0
BRDA:15,5,0,0
BRDA:15,5,1,0
BRDA:15,5,2,0
BRDA:18,6,0,0
BRDA:18,6,1,0
BRDA:20,7,0,0
BRDA:20,7,1,0
BRDA:21,8,0,0
BRDA:21,8,1,0
BRDA:24,9,0,0
BRDA:24,9,1,0
BRDA:25,10,0,0
BRDA:25,10,1,0
BRF:23
BRH:0
end_of_record
TN:
SF:src\environments\environments.controller.ts
FN:24,(anonymous_4)
FN:33,(anonymous_5)
FN:41,(anonymous_6)
FN:47,(anonymous_7)
FN:53,(anonymous_8)
FN:62,(anonymous_9)
FN:68,(anonymous_10)
FN:74,(anonymous_11)
FN:80,(anonymous_12)
FN:91,(anonymous_13)
FNF:10
FNH:0
FNDA:0,(anonymous_4)
FNDA:0,(anonymous_5)
FNDA:0,(anonymous_6)
FNDA:0,(anonymous_7)
FNDA:0,(anonymous_8)
FNDA:0,(anonymous_9)
FNDA:0,(anonymous_10)
FNDA:0,(anonymous_11)
FNDA:0,(anonymous_12)
FNDA:0,(anonymous_13)
DA:1,0
DA:12,0
DA:13,0
DA:14,0
DA:15,0
DA:16,0
DA:17,0
DA:23,0
DA:25,0
DA:26,0
DA:33,0
DA:34,0
DA:41,0
DA:42,0
DA:47,0
DA:48,0
DA:53,0
DA:57,0
DA:62,0
DA:63,0
DA:68,0
DA:69,0
DA:74,0
DA:75,0
DA:80,0
DA:85,0
DA:91,0
DA:92,0
LF:28
LH:0
BRDA:74,0,0,0
BRDA:74,0,1,0
BRDA:74,1,0,0
BRDA:74,1,1,0
BRDA:83,2,0,0
BRDA:83,2,1,0
BRDA:83,3,0,0
BRDA:83,3,1,0
BRDA:25,4,0,0
BRDA:25,4,1,0
BRDA:25,5,0,0
BRDA:25,5,1,0
BRDA:25,6,0,0
BRDA:25,6,1,0
BRDA:25,7,0,0
BRDA:25,7,1,0
BRF:16
BRH:0
end_of_record
TN:
SF:src\environments\environments.module.ts
FNF:0
FNH:0
DA:1,0
DA:2,0
DA:3,0
DA:4,0
DA:5,0
DA:6,0
DA:7,0
DA:8,0
DA:9,0
DA:17,0
LF:10
LH:0
BRF:0
BRH:0
end_of_record
TN:
SF:src\environments\environments.service.ts
FN:38,(anonymous_2)
FN:40,(anonymous_3)
FN:54,(anonymous_4)
FN:57,(anonymous_5)
FN:76,(anonymous_6)
FN:81,(anonymous_7)
FN:85,(anonymous_8)
FN:99,(anonymous_9)
FN:104,(anonymous_10)
FN:123,(anonymous_11)
FN:139,(anonymous_12)
FN:145,(anonymous_13)
FN:169,(anonymous_14)
FN:199,(anonymous_15)
FN:211,(anonymous_16)
FN:220,(anonymous_17)
FN:249,(anonymous_18)
FN:271,(anonymous_19)
FN:285,(anonymous_20)
FN:294,(anonymous_21)
FNF:20
FNH:13
FNDA:12,(anonymous_2)
FNDA:2,(anonymous_3)
FNDA:1,(anonymous_4)
FNDA:0,(anonymous_5)
FNDA:0,(anonymous_6)
FNDA:0,(anonymous_7)
FNDA:0,(anonymous_8)
FNDA:0,(anonymous_9)
FNDA:2,(anonymous_10)
FNDA:1,(anonymous_11)
FNDA:0,(anonymous_12)
FNDA:1,(anonymous_13)
FNDA:3,(anonymous_14)
FNDA:0,(anonymous_15)
FNDA:3,(anonymous_16)
FNDA:6,(anonymous_17)
FNDA:4,(anonymous_18)
FNDA:4,(anonymous_19)
FNDA:2,(anonymous_20)
FNDA:4,(anonymous_21)
DA:1,1
DA:6,1
DA:9,1
DA:11,1
DA:37,1
DA:38,12
DA:41,2
DA:54,2
DA:60,0
DA:76,0
DA:81,0
DA:86,0
DA:100,0
DA:101,0
DA:105,2
DA:116,2
DA:117,1
DA:120,1
DA:128,1
DA:131,1
DA:139,1
DA:142,1
DA:145,1
DA:146,1
DA:157,1
DA:165,1
DA:174,3
DA:177,2
DA:179,1
DA:187,1
DA:188,1
DA:190,1
DA:199,1
DA:200,1
DA:203,1
DA:208,1
DA:212,3
DA:215,2
DA:217,1
DA:229,6
DA:243,6
DA:244,2
DA:246,4
DA:253,4
DA:257,4
DA:261,4
DA:262,4
DA:264,4
DA:265,2
DA:277,4
DA:293,2
DA:294,4
DA:295,2
LF:53
LH:47
BRDA:116,0,0,1
BRDA:116,0,1,1
BRDA:180,1,0,1
BRDA:180,1,1,1
BRDA:181,2,0,1
BRDA:181,2,1,0
BRDA:187,3,0,1
BRDA:187,3,1,0
BRDA:243,4,0,2
BRDA:243,4,1,4
BRDA:262,5,0,4
BRDA:262,5,1,2
BRDA:262,5,2,2
BRDA:264,6,0,2
BRDA:264,6,1,2
BRDA:281,7,0,4
BRDA:281,7,1,1
BRDA:297,8,0,2
BRDA:297,8,1,2
BRDA:298,9,0,2
BRDA:298,9,1,2
BRDA:38,10,0,1
BRDA:38,10,1,0
BRDA:38,11,0,1
BRDA:38,11,1,1
BRF:25
BRH:22
end_of_record
TN:
SF:src\environments\invites.controller.ts
FN:14,(anonymous_4)
FN:20,(anonymous_5)
FN:32,(anonymous_6)
FNF:3
FNH:0
FNDA:0,(anonymous_4)
FNDA:0,(anonymous_5)
FNDA:0,(anonymous_6)
DA:1,0
DA:2,0
DA:3,0
DA:4,0
DA:5,0
DA:13,0
DA:14,0
DA:20,0
DA:25,0
DA:32,0
DA:42,0
LF:11
LH:0
BRDA:22,0,0,0
BRDA:22,0,1,0
BRDA:22,1,0,0
BRDA:22,1,1,0
BRDA:14,2,0,0
BRDA:14,2,1,0
BRDA:14,3,0,0
BRDA:14,3,1,0
BRF:8
BRH:0
end_of_record
TN:
SF:src\environments\invites.service.ts
FN:15,(anonymous_2)
FN:20,(anonymous_3)
FN:35,(anonymous_4)
FN:58,(anonymous_5)
FN:103,(anonymous_6)
FN:125,(anonymous_7)
FNF:6
FNH:6
FNDA:11,(anonymous_2)
FNDA:5,(anonymous_3)
FNDA:4,(anonymous_4)
FNDA:3,(anonymous_5)
FNDA:5,(anonymous_6)
FNDA:1,(anonymous_7)
DA:1,1
DA:8,1
DA:9,1
DA:10,1
DA:11,1
DA:14,1
DA:16,11
DA:17,11
DA:22,5
DA:27,5
DA:33,4
DA:34,4
DA:35,4
DA:38,4
DA:39,1
DA:46,3
DA:49,3
DA:53,1
DA:57,2
DA:58,3
DA:60,2
DA:61,1
DA:66,1
DA:74,1
DA:75,1
DA:76,1
DA:78,1
DA:90,1
DA:93,1
DA:100,1
DA:104,5
DA:109,5
DA:110,4
DA:111,1
DA:112,3
DA:113,1
DA:118,2
DA:119,2
DA:120,1
DA:125,1
DA:128,1
DA:137,1
DA:143,1
LF:43
LH:43
BRDA:27,0,0,1
BRDA:27,0,1,4
BRDA:35,1,0,4
BRDA:35,1,1,4
BRDA:38,2,0,1
BRDA:38,2,1,3
BRDA:38,3,0,4
BRDA:38,3,1,1
BRDA:49,4,0,1
BRDA:49,4,1,2
BRDA:60,5,0,1
BRDA:60,5,1,1
BRDA:97,6,0,1
BRDA:97,6,1,0
BRDA:109,7,0,1
BRDA:109,7,1,4
BRDA:110,8,0,1
BRDA:110,8,1,3
BRDA:112,9,0,1
BRDA:112,9,1,2
BRDA:119,10,0,1
BRDA:119,10,1,1
BRDA:119,11,0,2
BRDA:119,11,1,2
BRDA:16,12,0,1
BRDA:16,12,1,0
BRDA:16,13,0,1
BRDA:16,13,1,1
BRDA:16,14,0,1
BRDA:16,14,1,0
BRDA:16,15,0,1
BRDA:16,15,1,1
BRF:32
BRH:29
end_of_record
TN:
SF:src\environments\members.controller.ts
FN:13,(anonymous_4)
FN:19,(anonymous_5)
FN:27,(anonymous_6)
FNF:3
FNH:0
FNDA:0,(anonymous_4)
FNDA:0,(anonymous_5)
FNDA:0,(anonymous_6)
DA:1,0
DA:2,0
DA:3,0
DA:4,0
DA:12,0
DA:13,0
DA:19,0
DA:20,0
DA:27,0
DA:32,0
LF:10
LH:0
BRDA:13,0,0,0
BRDA:13,0,1,0
BRDA:13,1,0,0
BRDA:13,1,1,0
BRF:4
BRH:0
end_of_record
TN:
SF:src\environments\members.service.ts
FN:11,(anonymous_2)
FN:13,(anonymous_3)
FN:39,(anonymous_4)
FN:50,(anonymous_5)
FNF:4
FNH:0
FNDA:0,(anonymous_2)
FNDA:0,(anonymous_3)
FNDA:0,(anonymous_4)
FNDA:0,(anonymous_5)
DA:1,0
DA:6,0
DA:7,0
DA:10,0
DA:11,0
DA:15,0
DA:21,0
DA:24,0
DA:26,0
DA:27,0
DA:31,0
DA:39,0
DA:52,0
DA:55,0
DA:58,0
DA:61,0
DA:63,0
DA:64,0
DA:70,0
DA:74,0
DA:75,0
DA:76,0
DA:81,0
DA:82,0
DA:85,0
LF:25
LH:0
BRDA:26,0,0,0
BRDA:26,0,1,0
BRDA:26,1,0,0
BRDA:26,1,1,0
BRDA:61,2,0,0
BRDA:61,2,1,0
BRDA:61,2,2,0
BRDA:63,3,0,0
BRDA:63,3,1,0
BRDA:74,4,0,0
BRDA:74,4,1,0
BRDA:75,5,0,0
BRDA:75,5,1,0
BRDA:81,6,0,0
BRDA:81,6,1,0
BRDA:11,7,0,0
BRDA:11,7,1,0
BRDA:11,8,0,0
BRDA:11,8,1,0
BRF:19
BRH:0
end_of_record
TN:
SF:src\environments\dto\create-environment.dto.ts
FNF:0
FNH:0
DA:1,0
DA:2,0
DA:4,0
DA:9,0
DA:15,0
LF:5
LH:0
BRF:0
BRH:0
end_of_record
TN:
SF:src\environments\dto\create-invite.dto.ts
FNF:0
FNH:0
DA:1,0
DA:3,0
DA:6,0
LF:3
LH:0
BRF:0
BRH:0
end_of_record
TN:
SF:src\environments\dto\update-environment.dto.ts
FNF:0
FNH:0
DA:1,0
DA:2,0
DA:4,0
LF:3
LH:0
BRF:0
BRH:0
end_of_record
TN:
SF:src\environments\dto\update-member-role.dto.ts
FNF:0
FNH:0
DA:1,0
DA:2,0
DA:4,0
DA:7,0
LF:4
LH:0
BRDA:7,0,0,0
BRDA:7,0,1,0
BRDA:7,1,0,0
BRDA:7,1,1,0
BRF:4
BRH:0
end_of_record
TN:
SF:src\events\events.gateway.ts
FN:45,(anonymous_4)
FN:50,(anonymous_5)
FN:76,(anonymous_6)
FN:81,(anonymous_7)
FN:90,(anonymous_8)
FN:98,(anonymous_9)
FN:102,(anonymous_10)
FN:106,(anonymous_11)
FN:110,(anonymous_12)
FN:114,(anonymous_13)
FN:118,(anonymous_14)
FN:122,(anonymous_15)
FN:17,(anonymous_16)
FNF:13
FNH:0
FNDA:0,(anonymous_4)
FNDA:0,(anonymous_5)
FNDA:0,(anonymous_6)
FNDA:0,(anonymous_7)
FNDA:0,(anonymous_8)
FNDA:0,(anonymous_9)
FNDA:0,(anonymous_10)
FNDA:0,(anonymous_11)
FNDA:0,(anonymous_12)
FNDA:0,(anonymous_13)
FNDA:0,(anonymous_14)
FNDA:0,(anonymous_15)
FNDA:0,(anonymous_16)
DA:1,2
DA:10,2
DA:11,2
DA:12,2
DA:13,2
DA:19,0
DA:20,0
DA:27,0
DA:28,0
DA:31,0
DA:39,2
DA:41,2
DA:43,0
DA:46,0
DA:47,0
DA:51,0
DA:52,0
DA:55,0
DA:57,0
DA:59,0
DA:65,0
DA:69,0
DA:71,0
DA:77,0
DA:81,2
DA:85,0
DA:86,0
DA:90,2
DA:94,0
DA:95,0
DA:99,0
DA:103,0
DA:107,0
DA:111,0
DA:115,0
DA:119,0
DA:123,0
LF:37
LH:9
BRDA:55,0,0,0
BRDA:55,0,1,0
BRDA:59,1,0,0
BRDA:59,1,1,0
BRDA:65,2,0,0
BRDA:65,2,1,0
BRDA:41,3,0,2
BRDA:41,3,1,0
BRDA:41,4,0,2
BRDA:41,4,1,2
BRDA:82,5,0,2
BRDA:82,5,1,0
BRDA:82,6,0,2
BRDA:82,6,1,2
BRDA:91,7,0,2
BRDA:91,7,1,0
BRDA:91,8,0,2
BRDA:91,8,1,2
BRDA:19,9,0,0
BRDA:19,9,1,0
BRDA:27,10,0,0
BRDA:27,10,1,0
BRDA:27,11,0,0
BRDA:27,11,1,0
BRDA:46,12,0,2
BRDA:46,12,1,0
BRDA:46,13,0,2
BRDA:46,13,1,2
BRDA:46,14,0,2
BRDA:46,14,1,0
BRDA:46,15,0,2
BRDA:46,15,1,2
BRF:32
BRH:15
end_of_record
TN:
SF:src\events\events.module.ts
FNF:0
FNH:0
DA:1,0
DA:2,0
DA:3,0
DA:11,0
LF:4
LH:0
BRF:0
BRH:0
end_of_record
TN:
SF:src\labels\labels.controller.ts
FN:22,(anonymous_4)
FN:26,(anonymous_5)
FN:32,(anonymous_6)
FN:37,(anonymous_7)
FN:42,(anonymous_8)
FN:47,(anonymous_9)
FNF:6
FNH:1
FNDA:1,(anonymous_4)
FNDA:0,(anonymous_5)
FNDA:0,(anonymous_6)
FNDA:0,(anonymous_7)
FNDA:0,(anonymous_8)
FNDA:0,(anonymous_9)
DA:1,1
DA:12,1
DA:13,1
DA:14,1
DA:15,1
DA:16,1
DA:21,1
DA:22,1
DA:26,1
DA:27,0
DA:32,1
DA:33,0
DA:37,1
DA:38,0
DA:42,1
DA:43,0
DA:47,1
DA:48,0
LF:18
LH:13
BRDA:26,0,0,1
BRDA:26,0,1,0
BRDA:26,1,0,1
BRDA:26,1,1,1
BRDA:42,2,0,1
BRDA:42,2,1,0
BRDA:42,3,0,1
BRDA:42,3,1,1
BRDA:22,4,0,1
BRDA:22,4,1,0
BRDA:22,5,0,1
BRDA:22,5,1,1
BRF:12
BRH:9
end_of_record
TN:
SF:src\labels\labels.module.ts
FNF:0
FNH:0
DA:1,0
DA:2,0
DA:3,0
DA:4,0
DA:12,0
LF:5
LH:0
BRF:0
BRH:0
end_of_record
TN:
SF:src\labels\labels.service.ts
FN:8,(anonymous_2)
FN:10,(anonymous_3)
FN:26,(anonymous_4)
FN:32,(anonymous_5)
FN:40,(anonymous_6)
FN:48,(anonymous_7)
FNF:6
FNH:6
FNDA:11,(anonymous_2)
FNDA:2,(anonymous_3)
FNDA:2,(anonymous_4)
FNDA:6,(anonymous_5)
FNDA:2,(anonymous_6)
FNDA:2,(anonymous_7)
DA:1,2
DA:2,2
DA:7,2
DA:8,11
DA:11,2
DA:13,2
DA:16,2
DA:18,1
DA:27,2
DA:33,6
DA:36,6
DA:37,3
DA:41,2
DA:42,1
DA:49,2
DA:50,1
LF:16
LH:16
BRDA:16,0,0,1
BRDA:16,0,1,1
BRDA:36,1,0,3
BRDA:36,1,1,3
BRDA:8,2,0,2
BRDA:8,2,1,0
BRDA:8,3,0,2
BRDA:8,3,1,2
BRF:8
BRH:7
end_of_record
TN:
SF:src\labels\dto\create-label.dto.ts
FNF:0
FNH:0
DA:1,1
DA:2,1
DA:4,1
DA:8,1
DA:17,1
DA:22,1
LF:6
LH:6
BRF:0
BRH:0
end_of_record
TN:
SF:src\labels\dto\update-label.dto.ts
FNF:0
FNH:0
DA:1,1
DA:2,1
DA:4,1
DA:8,1
DA:16,1
LF:5
LH:5
BRF:0
BRH:0
end_of_record
TN:
SF:src\metrics\metrics.controller.ts
FN:12,(anonymous_4)
FN:16,(anonymous_5)
FNF:2
FNH:0
FNDA:0,(anonymous_4)
FNDA:0,(anonymous_5)
DA:1,0
DA:2,0
DA:3,0
DA:4,0
DA:11,0
DA:12,0
DA:16,0
DA:19,0
DA:20,0
DA:22,0
DA:23,0
LF:11
LH:0
BRDA:18,0,0,0
BRDA:18,0,1,0
BRDA:18,1,0,0
BRDA:18,1,1,0
BRDA:12,2,0,0
BRDA:12,2,1,0
BRDA:12,3,0,0
BRDA:12,3,1,0
BRF:8
BRH:0
end_of_record
TN:
SF:src\metrics\metrics.module.ts
FNF:0
FNH:0
DA:1,0
DA:2,0
DA:3,0
DA:4,0
DA:12,0
LF:5
LH:0
BRF:0
BRH:0
end_of_record
TN:
SF:src\metrics\metrics.service.ts
FN:12,(anonymous_2)
FN:14,(anonymous_3)
FN:29,(anonymous_4)
FN:33,(anonymous_5)
FN:37,(anonymous_6)
FN:41,(anonymous_7)
FN:45,(anonymous_8)
FN:49,(anonymous_9)
FN:53,(anonymous_10)
FN:57,(anonymous_11)
FN:61,(anonymous_12)
FN:65,(anonymous_13)
FN:96,(anonymous_14)
FN:107,(anonymous_15)
FN:118,(anonymous_16)
FN:149,(anonymous_17)
FN:184,(anonymous_18)
FN:200,(anonymous_19)
FN:220,(anonymous_20)
FN:229,(anonymous_21)
FN:266,(anonymous_22)
FN:275,(anonymous_23)
FN:297,(anonymous_24)
FN:304,(anonymous_25)
FN:330,(anonymous_26)
FNF:25
FNH:0
FNDA:0,(anonymous_2)
FNDA:0,(anonymous_3)
FNDA:0,(anonymous_4)
FNDA:0,(anonymous_5)
FNDA:0,(anonymous_6)
FNDA:0,(anonymous_7)
FNDA:0,(anonymous_8)
FNDA:0,(anonymous_9)
FNDA:0,(anonymous_10)
FNDA:0,(anonymous_11)
FNDA:0,(anonymous_12)
FNDA:0,(anonymous_13)
FNDA:0,(anonymous_14)
FNDA:0,(anonymous_15)
FNDA:0,(anonymous_16)
FNDA:0,(anonymous_17)
FNDA:0,(anonymous_18)
FNDA:0,(anonymous_19)
FNDA:0,(anonymous_20)
FNDA:0,(anonymous_21)
FNDA:0,(anonymous_22)
FNDA:0,(anonymous_23)
FNDA:0,(anonymous_24)
FNDA:0,(anonymous_25)
FNDA:0,(anonymous_26)
DA:1,0
DA:2,0
DA:11,0
DA:12,0
DA:15,0
DA:28,0
DA:30,0
DA:31,0
DA:34,0
DA:35,0
DA:38,0
DA:39,0
DA:42,0
DA:43,0
DA:46,0
DA:47,0
DA:50,0
DA:51,0
DA:54,0
DA:55,0
DA:58,0
DA:59,0
DA:62,0
DA:63,0
DA:66,0
DA:67,0
DA:72,0
DA:76,0
DA:91,0
DA:92,0
DA:98,0
DA:104,0
DA:108,0
DA:115,0
DA:122,0
DA:131,0
DA:143,0
DA:152,0
DA:153,0
DA:155,0
DA:165,0
DA:178,0
DA:185,0
DA:186,0
DA:197,0
DA:201,0
DA:202,0
DA:203,0
DA:205,0
DA:217,0
DA:221,0
DA:226,0
DA:231,0
DA:258,0
DA:266,0
DA:276,0
DA:297,0
DA:305,0
DA:330,0
LF:59
LH:0
BRDA:72,0,0,0
BRDA:72,0,1,0
BRDA:104,1,0,0
BRDA:104,1,1,0
BRDA:115,2,0,0
BRDA:115,2,1,0
BRDA:144,3,0,0
BRDA:144,3,1,0
BRDA:145,4,0,0
BRDA:145,4,1,0
BRDA:179,5,0,0
BRDA:179,5,1,0
BRDA:180,6,0,0
BRDA:180,6,1,0
BRDA:197,7,0,0
BRDA:197,7,1,0
BRDA:217,8,0,0
BRDA:217,8,1,0
BRDA:226,9,0,0
BRDA:226,9,1,0
BRDA:268,10,0,0
BRDA:268,10,1,0
BRDA:271,11,0,0
BRDA:271,11,1,0
BRDA:12,12,0,0
BRDA:12,12,1,0
BRDA:12,13,0,0
BRDA:12,13,1,0
BRF:28
BRH:0
end_of_record
TN:
SF:src\metrics\dto\metrics-response.dto.ts
FNF:0
FNH:0
DA:1,0
DA:23,0
DA:31,0
DA:37,0
LF:4
LH:0
BRF:0
BRH:0
end_of_record
TN:
SF:src\prisma\prisma.module.ts
FNF:0
FNH:0
DA:1,0
DA:2,0
DA:9,0
LF:3
LH:0
BRF:0
BRH:0
end_of_record
TN:
SF:src\prisma\prisma.service.ts
FN:9,(anonymous_1)
FN:13,(anonymous_2)
FNF:2
FNH:0
FNDA:0,(anonymous_1)
FNDA:0,(anonymous_2)
DA:1,10
DA:2,10
DA:5,10
DA:10,0
DA:14,0
LF:5
LH:3
BRF:0
BRH:0
end_of_record
TN:
SF:src\services\mail.service.ts
FN:10,(anonymous_2)
FN:18,(anonymous_3)
FN:93,(anonymous_4)
FNF:3
FNH:0
FNDA:0,(anonymous_2)
FNDA:0,(anonymous_3)
FNDA:0,(anonymous_4)
DA:1,2
DA:2,2
DA:3,2
DA:6,2
DA:7,0
DA:10,0
DA:11,0
DA:12,0
DA:13,0
DA:15,0
DA:19,0
DA:23,0
DA:25,0
DA:71,0
DA:72,0
DA:73,0
DA:81,0
DA:82,0
DA:83,0
DA:86,0
DA:88,0
DA:89,0
DA:99,0
DA:103,0
DA:105,0
DA:159,0
DA:160,0
DA:161,0
DA:169,0
DA:170,0
DA:171,0
DA:174,0
DA:176,0
DA:177,0
LF:34
LH:4
BRDA:12,0,0,0
BRDA:12,0,1,0
BRDA:81,1,0,0
BRDA:81,1,1,0
BRDA:169,2,0,0
BRDA:169,2,1,0
BRDA:10,3,0,2
BRDA:10,3,1,0
BRDA:10,4,0,2
BRDA:10,4,1,2
BRF:10
BRH:3
end_of_record
TN:
SF:src\types\passport.d.ts
FNF:0
FNH:0
LF:0
LH:0
BRF:0
BRH:0
end_of_record
TN:
SF:src\users\users.module.ts
FNF:0
FNH:0
DA:1,0
DA:2,0
DA:8,0
LF:3
LH:0
BRF:0
BRH:0
end_of_record
TN:
SF:src\users\users.service.ts
FN:40,(anonymous_2)
FN:42,(anonymous_3)
FN:55,(anonymous_4)
FN:70,(anonymous_5)
FN:127,(anonymous_6)
FN:139,(anonymous_7)
FN:164,(anonymous_8)
FN:206,(anonymous_9)
FN:220,(anonymous_10)
FN:234,(anonymous_11)
FNF:10
FNH:0
FNDA:0,(anonymous_2)
FNDA:0,(anonymous_3)
FNDA:0,(anonymous_4)
FNDA:0,(anonymous_5)
FNDA:0,(anonymous_6)
FNDA:0,(anonymous_7)
FNDA:0,(anonymous_8)
FNDA:0,(anonymous_9)
FNDA:0,(anonymous_10)
FNDA:0,(anonymous_11)
DA:1,1
DA:6,1
DA:39,1
DA:40,0
DA:43,0
DA:59,0
DA:77,0
DA:78,0
DA:79,0
DA:80,0
DA:82,0
DA:93,0
DA:94,0
DA:102,0
DA:109,0
DA:124,0
DA:128,0
DA:140,0
DA:141,0
DA:142,0
DA:143,0
DA:145,0
DA:161,0
DA:168,0
DA:169,0
DA:170,0
DA:173,0
DA:174,0
DA:175,0
DA:177,0
DA:178,0
DA:179,0
DA:180,0
DA:181,0
DA:182,0
DA:184,0
DA:187,0
DA:188,0
DA:190,0
DA:191,0
DA:193,0
DA:203,0
DA:211,0
DA:221,0
DA:238,0
LF:45
LH:3
BRDA:79,0,0,0
BRDA:79,0,1,0
BRDA:93,1,0,0
BRDA:93,1,1,0
BRDA:99,2,0,0
BRDA:99,2,1,0
BRDA:106,3,0,0
BRDA:106,3,1,0
BRDA:106,3,2,0
BRDA:115,4,0,0
BRDA:115,4,1,0
BRDA:142,5,0,0
BRDA:142,5,1,0
BRDA:149,6,0,0
BRDA:149,6,1,0
BRDA:150,7,0,0
BRDA:150,7,1,0
BRDA:151,8,0,0
BRDA:151,8,1,0
BRDA:152,9,0,0
BRDA:152,9,1,0
BRDA:169,10,0,0
BRDA:169,10,1,0
BRDA:174,11,0,0
BRDA:174,11,1,0
BRDA:177,12,0,0
BRDA:177,12,1,0
BRDA:179,13,0,0
BRDA:179,13,1,0
BRDA:181,14,0,0
BRDA:181,14,1,0
BRDA:187,15,0,0
BRDA:187,15,1,0
BRDA:190,16,0,0
BRDA:190,16,1,0
BRDA:40,17,0,1
BRDA:40,17,1,0
BRDA:40,18,0,1
BRDA:40,18,1,1
BRF:39
BRH:3
end_of_record
